==14589== Memcheck, a memory error detector
==14589== Copyright (C) 2002-2013, and GNU GPL'd, by Julian Seward et al.
==14589== Using Valgrind-3.10.1 and LibVEX; rerun with -h for copyright info
==14589== Command: ./trab4
==14589== 
Hello, World!
==14589== 
==14589== HEAP SUMMARY:
==14589==     in use at exit: 16,458 bytes in 3 blocks
==14589==   total heap usage: 22 allocs, 19 frees, 17,207 bytes allocated
==14589== 
==14589== LEAK SUMMARY:
==14589==    definitely lost: 0 bytes in 0 blocks
==14589==    indirectly lost: 0 bytes in 0 blocks
==14589==      possibly lost: 0 bytes in 0 blocks
==14589==    still reachable: 16,458 bytes in 3 blocks
==14589==         suppressed: 0 bytes in 0 blocks
==14589== Rerun with --leak-check=full to see details of leaked memory
==14589== 
==14589== For counts of detected and suppressed errors, rerun with: -v
==14589== ERROR SUMMARY: 0 errors from 0 contexts (suppressed: 0 from 0)
