==14595== Memcheck, a memory error detector
==14595== Copyright (C) 2002-2013, and GNU GPL'd, by Julian Seward et al.
==14595== Using Valgrind-3.10.1 and LibVEX; rerun with -h for copyright info
==14595== Command: ./trab4
==14595== 
==14595== 
==14595== HEAP SUMMARY:
==14595==     in use at exit: 16,458 bytes in 3 blocks
==14595==   total heap usage: 25 allocs, 22 frees, 17,287 bytes allocated
==14595== 
==14595== LEAK SUMMARY:
==14595==    definitely lost: 0 bytes in 0 blocks
==14595==    indirectly lost: 0 bytes in 0 blocks
==14595==      possibly lost: 0 bytes in 0 blocks
==14595==    still reachable: 16,458 bytes in 3 blocks
==14595==         suppressed: 0 bytes in 0 blocks
==14595== Rerun with --leak-check=full to see details of leaked memory
==14595== 
==14595== For counts of detected and suppressed errors, rerun with: -v
==14595== ERROR SUMMARY: 0 errors from 0 contexts (suppressed: 0 from 0)
