==14601== Memcheck, a memory error detector
==14601== Copyright (C) 2002-2013, and GNU GPL'd, by Julian Seward et al.
==14601== Using Valgrind-3.10.1 and LibVEX; rerun with -h for copyright info
==14601== Command: ./trab4
==14601== 
6==14601== 
==14601== HEAP SUMMARY:
==14601==     in use at exit: 16,458 bytes in 3 blocks
==14601==   total heap usage: 41 allocs, 38 frees, 17,453 bytes allocated
==14601== 
==14601== LEAK SUMMARY:
==14601==    definitely lost: 0 bytes in 0 blocks
==14601==    indirectly lost: 0 bytes in 0 blocks
==14601==      possibly lost: 0 bytes in 0 blocks
==14601==    still reachable: 16,458 bytes in 3 blocks
==14601==         suppressed: 0 bytes in 0 blocks
==14601== Rerun with --leak-check=full to see details of leaked memory
==14601== 
==14601== For counts of detected and suppressed errors, rerun with: -v
==14601== ERROR SUMMARY: 0 errors from 0 contexts (suppressed: 0 from 0)
