==14607== Memcheck, a memory error detector
==14607== Copyright (C) 2002-2013, and GNU GPL'd, by Julian Seward et al.
==14607== Using Valgrind-3.10.1 and LibVEX; rerun with -h for copyright info
==14607== Command: ./trab4
==14607== 
21==14607== 
==14607== HEAP SUMMARY:
==14607==     in use at exit: 16,458 bytes in 3 blocks
==14607==   total heap usage: 54 allocs, 51 frees, 17,635 bytes allocated
==14607== 
==14607== LEAK SUMMARY:
==14607==    definitely lost: 0 bytes in 0 blocks
==14607==    indirectly lost: 0 bytes in 0 blocks
==14607==      possibly lost: 0 bytes in 0 blocks
==14607==    still reachable: 16,458 bytes in 3 blocks
==14607==         suppressed: 0 bytes in 0 blocks
==14607== Rerun with --leak-check=full to see details of leaked memory
==14607== 
==14607== For counts of detected and suppressed errors, rerun with: -v
==14607== ERROR SUMMARY: 0 errors from 0 contexts (suppressed: 0 from 0)
