==14613== Memcheck, a memory error detector
==14613== Copyright (C) 2002-2013, and GNU GPL'd, by Julian Seward et al.
==14613== Using Valgrind-3.10.1 and LibVEX; rerun with -h for copyright info
==14613== Command: ./trab4
==14613== 
input: x = 9==14613== 
==14613== HEAP SUMMARY:
==14613==     in use at exit: 16,458 bytes in 3 blocks
==14613==   total heap usage: 42 allocs, 39 frees, 17,578 bytes allocated
==14613== 
==14613== LEAK SUMMARY:
==14613==    definitely lost: 0 bytes in 0 blocks
==14613==    indirectly lost: 0 bytes in 0 blocks
==14613==      possibly lost: 0 bytes in 0 blocks
==14613==    still reachable: 16,458 bytes in 3 blocks
==14613==         suppressed: 0 bytes in 0 blocks
==14613== Rerun with --leak-check=full to see details of leaked memory
==14613== 
==14613== For counts of detected and suppressed errors, rerun with: -v
==14613== ERROR SUMMARY: 0 errors from 0 contexts (suppressed: 0 from 0)
