==14619== Memcheck, a memory error detector
==14619== Copyright (C) 2002-2013, and GNU GPL'd, by Julian Seward et al.
==14619== Using Valgrind-3.10.1 and LibVEX; rerun with -h for copyright info
==14619== Command: ./trab4
==14619== 
4 + 2 = 6
5 - 2 = 3
4 * 2 = 8
4 / 2 = 2
==14619== 
==14619== HEAP SUMMARY:
==14619==     in use at exit: 16,458 bytes in 3 blocks
==14619==   total heap usage: 102 allocs, 99 frees, 18,159 bytes allocated
==14619== 
==14619== LEAK SUMMARY:
==14619==    definitely lost: 0 bytes in 0 blocks
==14619==    indirectly lost: 0 bytes in 0 blocks
==14619==      possibly lost: 0 bytes in 0 blocks
==14619==    still reachable: 16,458 bytes in 3 blocks
==14619==         suppressed: 0 bytes in 0 blocks
==14619== Rerun with --leak-check=full to see details of leaked memory
==14619== 
==14619== For counts of detected and suppressed errors, rerun with: -v
==14619== ERROR SUMMARY: 0 errors from 0 contexts (suppressed: 0 from 0)
