==14625== Memcheck, a memory error detector
==14625== Copyright (C) 2002-2013, and GNU GPL'd, by Julian Seward et al.
==14625== Using Valgrind-3.10.1 and LibVEX; rerun with -h for copyright info
==14625== Command: ./trab4
==14625== 
OK! 1
Huh? 2
==14625== 
==14625== HEAP SUMMARY:
==14625==     in use at exit: 16,458 bytes in 3 blocks
==14625==   total heap usage: 66 allocs, 63 frees, 17,825 bytes allocated
==14625== 
==14625== LEAK SUMMARY:
==14625==    definitely lost: 0 bytes in 0 blocks
==14625==    indirectly lost: 0 bytes in 0 blocks
==14625==      possibly lost: 0 bytes in 0 blocks
==14625==    still reachable: 16,458 bytes in 3 blocks
==14625==         suppressed: 0 bytes in 0 blocks
==14625== Rerun with --leak-check=full to see details of leaked memory
==14625== 
==14625== For counts of detected and suppressed errors, rerun with: -v
==14625== ERROR SUMMARY: 0 errors from 0 contexts (suppressed: 0 from 0)
