==14637== Memcheck, a memory error detector
==14637== Copyright (C) 2002-2013, and GNU GPL'd, by Julian Seward et al.
==14637== Using Valgrind-3.10.1 and LibVEX; rerun with -h for copyright info
==14637== Command: ./trab4
==14637== 
5
4
3
2
1
==14637== 
==14637== HEAP SUMMARY:
==14637==     in use at exit: 16,458 bytes in 3 blocks
==14637==   total heap usage: 68 allocs, 65 frees, 17,786 bytes allocated
==14637== 
==14637== LEAK SUMMARY:
==14637==    definitely lost: 0 bytes in 0 blocks
==14637==    indirectly lost: 0 bytes in 0 blocks
==14637==      possibly lost: 0 bytes in 0 blocks
==14637==    still reachable: 16,458 bytes in 3 blocks
==14637==         suppressed: 0 bytes in 0 blocks
==14637== Rerun with --leak-check=full to see details of leaked memory
==14637== 
==14637== For counts of detected and suppressed errors, rerun with: -v
==14637== ERROR SUMMARY: 0 errors from 0 contexts (suppressed: 0 from 0)
