==14643== Memcheck, a memory error detector
==14643== Copyright (C) 2002-2013, and GNU GPL'd, by Julian Seward et al.
==14643== Using Valgrind-3.10.1 and LibVEX; rerun with -h for copyright info
==14643== Command: ./trab4
==14643== 
input: 120==14643== 
==14643== HEAP SUMMARY:
==14643==     in use at exit: 16,458 bytes in 3 blocks
==14643==   total heap usage: 101 allocs, 98 frees, 18,342 bytes allocated
==14643== 
==14643== LEAK SUMMARY:
==14643==    definitely lost: 0 bytes in 0 blocks
==14643==    indirectly lost: 0 bytes in 0 blocks
==14643==      possibly lost: 0 bytes in 0 blocks
==14643==    still reachable: 16,458 bytes in 3 blocks
==14643==         suppressed: 0 bytes in 0 blocks
==14643== Rerun with --leak-check=full to see details of leaked memory
==14643== 
==14643== For counts of detected and suppressed errors, rerun with: -v
==14643== ERROR SUMMARY: 0 errors from 0 contexts (suppressed: 0 from 0)
