==14649== Memcheck, a memory error detector
==14649== Copyright (C) 2002-2013, and GNU GPL'd, by Julian Seward et al.
==14649== Using Valgrind-3.10.1 and LibVEX; rerun with -h for copyright info
==14649== Command: ./trab4
==14649== 
5==14649== 
==14649== HEAP SUMMARY:
==14649==     in use at exit: 16,458 bytes in 3 blocks
==14649==   total heap usage: 72 allocs, 69 frees, 17,973 bytes allocated
==14649== 
==14649== LEAK SUMMARY:
==14649==    definitely lost: 0 bytes in 0 blocks
==14649==    indirectly lost: 0 bytes in 0 blocks
==14649==      possibly lost: 0 bytes in 0 blocks
==14649==    still reachable: 16,458 bytes in 3 blocks
==14649==         suppressed: 0 bytes in 0 blocks
==14649== Rerun with --leak-check=full to see details of leaked memory
==14649== 
==14649== For counts of detected and suppressed errors, rerun with: -v
==14649== ERROR SUMMARY: 0 errors from 0 contexts (suppressed: 0 from 0)
