==14655== Memcheck, a memory error detector
==14655== Copyright (C) 2002-2013, and GNU GPL'd, by Julian Seward et al.
==14655== Using Valgrind-3.10.1 and LibVEX; rerun with -h for copyright info
==14655== Command: ./trab4
==14655== 
input: 6==14655== 
==14655== HEAP SUMMARY:
==14655==     in use at exit: 16,458 bytes in 3 blocks
==14655==   total heap usage: 97 allocs, 94 frees, 18,449 bytes allocated
==14655== 
==14655== LEAK SUMMARY:
==14655==    definitely lost: 0 bytes in 0 blocks
==14655==    indirectly lost: 0 bytes in 0 blocks
==14655==      possibly lost: 0 bytes in 0 blocks
==14655==    still reachable: 16,458 bytes in 3 blocks
==14655==         suppressed: 0 bytes in 0 blocks
==14655== Rerun with --leak-check=full to see details of leaked memory
==14655== 
==14655== For counts of detected and suppressed errors, rerun with: -v
==14655== ERROR SUMMARY: 0 errors from 0 contexts (suppressed: 0 from 0)
