==14661== Memcheck, a memory error detector
==14661== Copyright (C) 2002-2013, and GNU GPL'd, by Julian Seward et al.
==14661== Using Valgrind-3.10.1 and LibVEX; rerun with -h for copyright info
==14661== Command: ./trab4
==14661== 
input: input: input: input: input: input: input: input: input: input: Sorted array: 1 1 2 3 4 5 6 7 8 9 
==14661== 
==14661== HEAP SUMMARY:
==14661==     in use at exit: 16,458 bytes in 3 blocks
==14661==   total heap usage: 413 allocs, 410 frees, 23,592 bytes allocated
==14661== 
==14661== LEAK SUMMARY:
==14661==    definitely lost: 0 bytes in 0 blocks
==14661==    indirectly lost: 0 bytes in 0 blocks
==14661==      possibly lost: 0 bytes in 0 blocks
==14661==    still reachable: 16,458 bytes in 3 blocks
==14661==         suppressed: 0 bytes in 0 blocks
==14661== Rerun with --leak-check=full to see details of leaked memory
==14661== 
==14661== For counts of detected and suppressed errors, rerun with: -v
==14661== ERROR SUMMARY: 0 errors from 0 contexts (suppressed: 0 from 0)
