==14689== Memcheck, a memory error detector
==14689== Copyright (C) 2002-2013, and GNU GPL'd, by Julian Seward et al.
==14689== Using Valgrind-3.10.1 and LibVEX; rerun with -h for copyright info
==14689== Command: ./trab4
==14689== 
SCANNING ERROR (5): Unknown symbol _
==14689== 
==14689== HEAP SUMMARY:
==14689==     in use at exit: 16,699 bytes in 14 blocks
==14689==   total heap usage: 14 allocs, 0 frees, 16,699 bytes allocated
==14689== 
==14689== LEAK SUMMARY:
==14689==    definitely lost: 0 bytes in 0 blocks
==14689==    indirectly lost: 0 bytes in 0 blocks
==14689==      possibly lost: 0 bytes in 0 blocks
==14689==    still reachable: 16,699 bytes in 14 blocks
==14689==         suppressed: 0 bytes in 0 blocks
==14689== Rerun with --leak-check=full to see details of leaked memory
==14689== 
==14689== For counts of detected and suppressed errors, rerun with: -v
==14689== ERROR SUMMARY: 0 errors from 0 contexts (suppressed: 0 from 0)
