==14695== Memcheck, a memory error detector
==14695== Copyright (C) 2002-2013, and GNU GPL'd, by Julian Seward et al.
==14695== Using Valgrind-3.10.1 and LibVEX; rerun with -h for copyright info
==14695== Command: ./trab4
==14695== 
SCANNING ERROR (5): Unknown symbol .
==14695== 
==14695== HEAP SUMMARY:
==14695==     in use at exit: 16,749 bytes in 19 blocks
==14695==   total heap usage: 20 allocs, 1 frees, 16,751 bytes allocated
==14695== 
==14695== LEAK SUMMARY:
==14695==    definitely lost: 0 bytes in 0 blocks
==14695==    indirectly lost: 0 bytes in 0 blocks
==14695==      possibly lost: 0 bytes in 0 blocks
==14695==    still reachable: 16,749 bytes in 19 blocks
==14695==         suppressed: 0 bytes in 0 blocks
==14695== Rerun with --leak-check=full to see details of leaked memory
==14695== 
==14695== For counts of detected and suppressed errors, rerun with: -v
==14695== ERROR SUMMARY: 0 errors from 0 contexts (suppressed: 0 from 0)
