==14701== Memcheck, a memory error detector
==14701== Copyright (C) 2002-2013, and GNU GPL'd, by Julian Seward et al.
==14701== Using Valgrind-3.10.1 and LibVEX; rerun with -h for copyright info
==14701== Command: ./trab4
==14701== 
SCANNING ERROR (5): Unknown symbol #
==14701== 
==14701== HEAP SUMMARY:
==14701==     in use at exit: 16,749 bytes in 19 blocks
==14701==   total heap usage: 20 allocs, 1 frees, 16,751 bytes allocated
==14701== 
==14701== LEAK SUMMARY:
==14701==    definitely lost: 0 bytes in 0 blocks
==14701==    indirectly lost: 0 bytes in 0 blocks
==14701==      possibly lost: 0 bytes in 0 blocks
==14701==    still reachable: 16,749 bytes in 19 blocks
==14701==         suppressed: 0 bytes in 0 blocks
==14701== Rerun with --leak-check=full to see details of leaked memory
==14701== 
==14701== For counts of detected and suppressed errors, rerun with: -v
==14701== ERROR SUMMARY: 0 errors from 0 contexts (suppressed: 0 from 0)
