==14719== Memcheck, a memory error detector
==14719== Copyright (C) 2002-2013, and GNU GPL'd, by Julian Seward et al.
==14719== Using Valgrind-3.10.1 and LibVEX; rerun with -h for copyright info
==14719== Command: ./trab4
==14719== 
PARSE ERROR (4): syntax error, unexpected NUM, expecting LPAREN
==14719== 
==14719== HEAP SUMMARY:
==14719==     in use at exit: 16,595 bytes in 10 blocks
==14719==   total heap usage: 10 allocs, 0 frees, 16,595 bytes allocated
==14719== 
==14719== LEAK SUMMARY:
==14719==    definitely lost: 0 bytes in 0 blocks
==14719==    indirectly lost: 0 bytes in 0 blocks
==14719==      possibly lost: 0 bytes in 0 blocks
==14719==    still reachable: 16,595 bytes in 10 blocks
==14719==         suppressed: 0 bytes in 0 blocks
==14719== Rerun with --leak-check=full to see details of leaked memory
==14719== 
==14719== For counts of detected and suppressed errors, rerun with: -v
==14719== ERROR SUMMARY: 0 errors from 0 contexts (suppressed: 0 from 0)
