==14707== Memcheck, a memory error detector
==14707== Copyright (C) 2002-2013, and GNU GPL'd, by Julian Seward et al.
==14707== Using Valgrind-3.10.1 and LibVEX; rerun with -h for copyright info
==14707== Command: ./trab4
==14707== 
PARSE ERROR (6): syntax error, unexpected RBRACE
==14707== 
==14707== HEAP SUMMARY:
==14707==     in use at exit: 16,749 bytes in 19 blocks
==14707==   total heap usage: 20 allocs, 1 frees, 16,751 bytes allocated
==14707== 
==14707== LEAK SUMMARY:
==14707==    definitely lost: 32 bytes in 2 blocks
==14707==    indirectly lost: 16 bytes in 2 blocks
==14707==      possibly lost: 0 bytes in 0 blocks
==14707==    still reachable: 16,701 bytes in 15 blocks
==14707==         suppressed: 0 bytes in 0 blocks
==14707== Rerun with --leak-check=full to see details of leaked memory
==14707== 
==14707== For counts of detected and suppressed errors, rerun with: -v
==14707== ERROR SUMMARY: 0 errors from 0 contexts (suppressed: 0 from 0)
