==14805== Memcheck, a memory error detector
==14805== Copyright (C) 2002-2013, and GNU GPL'd, by Julian Seward et al.
==14805== Using Valgrind-3.10.1 and LibVEX; rerun with -h for copyright info
==14805== Command: ./trab4
==14805== 
INTERPRETER ERROR: array 'm2' declared at line 5 is missing access index.
==14805== 
==14805== HEAP SUMMARY:
==14805==     in use at exit: 17,405 bytes in 32 blocks
==14805==   total heap usage: 36 allocs, 4 frees, 17,419 bytes allocated
==14805== 
==14805== LEAK SUMMARY:
==14805==    definitely lost: 0 bytes in 0 blocks
==14805==    indirectly lost: 0 bytes in 0 blocks
==14805==      possibly lost: 0 bytes in 0 blocks
==14805==    still reachable: 17,405 bytes in 32 blocks
==14805==         suppressed: 0 bytes in 0 blocks
==14805== Rerun with --leak-check=full to see details of leaked memory
==14805== 
==14805== For counts of detected and suppressed errors, rerun with: -v
==14805== ERROR SUMMARY: 0 errors from 0 contexts (suppressed: 0 from 0)
