==14737== Memcheck, a memory error detector
==14737== Copyright (C) 2002-2013, and GNU GPL'd, by Julian Seward et al.
==14737== Using Valgrind-3.10.1 and LibVEX; rerun with -h for copyright info
==14737== Command: ./trab4
==14737== 
SEMANTIC ERROR (4): variable 'x' already declared at line 3.
==14737== 
==14737== HEAP SUMMARY:
==14737==     in use at exit: 16,696 bytes in 15 blocks
==14737==   total heap usage: 15 allocs, 0 frees, 16,696 bytes allocated
==14737== 
==14737== LEAK SUMMARY:
==14737==    definitely lost: 0 bytes in 0 blocks
==14737==    indirectly lost: 0 bytes in 0 blocks
==14737==      possibly lost: 0 bytes in 0 blocks
==14737==    still reachable: 16,696 bytes in 15 blocks
==14737==         suppressed: 0 bytes in 0 blocks
==14737== Rerun with --leak-check=full to see details of leaked memory
==14737== 
==14737== For counts of detected and suppressed errors, rerun with: -v
==14737== ERROR SUMMARY: 0 errors from 0 contexts (suppressed: 0 from 0)
