==14763== Memcheck, a memory error detector
==14763== Copyright (C) 2002-2013, and GNU GPL'd, by Julian Seward et al.
==14763== Using Valgrind-3.10.1 and LibVEX; rerun with -h for copyright info
==14763== Command: ./trab4
==14763== 
SEMANTIC ERROR (5): variable 'y' was not declared.
==14763== 
==14763== HEAP SUMMARY:
==14763==     in use at exit: 16,723 bytes in 17 blocks
==14763==   total heap usage: 18 allocs, 1 frees, 16,725 bytes allocated
==14763== 
==14763== LEAK SUMMARY:
==14763==    definitely lost: 0 bytes in 0 blocks
==14763==    indirectly lost: 0 bytes in 0 blocks
==14763==      possibly lost: 0 bytes in 0 blocks
==14763==    still reachable: 16,723 bytes in 17 blocks
==14763==         suppressed: 0 bytes in 0 blocks
==14763== Rerun with --leak-check=full to see details of leaked memory
==14763== 
==14763== For counts of detected and suppressed errors, rerun with: -v
==14763== ERROR SUMMARY: 0 errors from 0 contexts (suppressed: 0 from 0)
