==14731== Memcheck, a memory error detector
==14731== Copyright (C) 2002-2013, and GNU GPL'd, by Julian Seward et al.
==14731== Using Valgrind-3.10.1 and LibVEX; rerun with -h for copyright info
==14731== Command: ./trab4
==14731== 
==14731== 
==14731== HEAP SUMMARY:
==14731==     in use at exit: 16,458 bytes in 3 blocks
==14731==   total heap usage: 38 allocs, 35 frees, 17,521 bytes allocated
==14731== 
==14731== LEAK SUMMARY:
==14731==    definitely lost: 0 bytes in 0 blocks
==14731==    indirectly lost: 0 bytes in 0 blocks
==14731==      possibly lost: 0 bytes in 0 blocks
==14731==    still reachable: 16,458 bytes in 3 blocks
==14731==         suppressed: 0 bytes in 0 blocks
==14731== Rerun with --leak-check=full to see details of leaked memory
==14731== 
==14731== For counts of detected and suppressed errors, rerun with: -v
==14731== ERROR SUMMARY: 0 errors from 0 contexts (suppressed: 0 from 0)
