==14787== Memcheck, a memory error detector
==14787== Copyright (C) 2002-2013, and GNU GPL'd, by Julian Seward et al.
==14787== Using Valgrind-3.10.1 and LibVEX; rerun with -h for copyright info
==14787== Command: ./trab4
==14787== 
PARSE ERROR (6): syntax error, unexpected RPAREN
==14787== 
==14787== HEAP SUMMARY:
==14787==     in use at exit: 16,811 bytes in 23 blocks
==14787==   total heap usage: 24 allocs, 1 frees, 16,813 bytes allocated
==14787== 
==14787== LEAK SUMMARY:
==14787==    definitely lost: 24 bytes in 1 blocks
==14787==    indirectly lost: 16 bytes in 1 blocks
==14787==      possibly lost: 0 bytes in 0 blocks
==14787==    still reachable: 16,771 bytes in 21 blocks
==14787==         suppressed: 0 bytes in 0 blocks
==14787== Rerun with --leak-check=full to see details of leaked memory
==14787== 
==14787== For counts of detected and suppressed errors, rerun with: -v
==14787== ERROR SUMMARY: 0 errors from 0 contexts (suppressed: 0 from 0)
