==14799== Memcheck, a memory error detector
==14799== Copyright (C) 2002-2013, and GNU GPL'd, by Julian Seward et al.
==14799== Using Valgrind-3.10.1 and LibVEX; rerun with -h for copyright info
==14799== Command: ./trab4
==14799== 
PARSE ERROR (4): syntax error, unexpected STRING, expecting INPUT or LPAREN or NUM or ID
==14799== 
==14799== HEAP SUMMARY:
==14799==     in use at exit: 16,600 bytes in 10 blocks
==14799==   total heap usage: 10 allocs, 0 frees, 16,600 bytes allocated
==14799== 
==14799== LEAK SUMMARY:
==14799==    definitely lost: 0 bytes in 0 blocks
==14799==    indirectly lost: 0 bytes in 0 blocks
==14799==      possibly lost: 0 bytes in 0 blocks
==14799==    still reachable: 16,600 bytes in 10 blocks
==14799==         suppressed: 0 bytes in 0 blocks
==14799== Rerun with --leak-check=full to see details of leaked memory
==14799== 
==14799== For counts of detected and suppressed errors, rerun with: -v
==14799== ERROR SUMMARY: 0 errors from 0 contexts (suppressed: 0 from 0)
