==14775== Memcheck, a memory error detector
==14775== Copyright (C) 2002-2013, and GNU GPL'd, by Julian Seward et al.
==14775== Using Valgrind-3.10.1 and LibVEX; rerun with -h for copyright info
==14775== Command: ./trab4
==14775== 
SEMANTIC ERROR (9): function 'sum' was called with 1 arguments but declared with 2 parameters.
==14775== 
==14775== HEAP SUMMARY:
==14775==     in use at exit: 17,273 bytes in 48 blocks
==14775==   total heap usage: 51 allocs, 3 frees, 17,279 bytes allocated
==14775== 
==14775== LEAK SUMMARY:
==14775==    definitely lost: 0 bytes in 0 blocks
==14775==    indirectly lost: 0 bytes in 0 blocks
==14775==      possibly lost: 0 bytes in 0 blocks
==14775==    still reachable: 17,273 bytes in 48 blocks
==14775==         suppressed: 0 bytes in 0 blocks
==14775== Rerun with --leak-check=full to see details of leaked memory
==14775== 
==14775== For counts of detected and suppressed errors, rerun with: -v
==14775== ERROR SUMMARY: 0 errors from 0 contexts (suppressed: 0 from 0)
