==14751== Memcheck, a memory error detector
==14751== Copyright (C) 2002-2013, and GNU GPL'd, by Julian Seward et al.
==14751== Using Valgrind-3.10.1 and LibVEX; rerun with -h for copyright info
==14751== Command: ./trab4
==14751== 
PARSE ERROR (3): syntax error, unexpected INPUT, expecting ID
==14751== 
==14751== HEAP SUMMARY:
==14751==     in use at exit: 16,522 bytes in 6 blocks
==14751==   total heap usage: 6 allocs, 0 frees, 16,522 bytes allocated
==14751== 
==14751== LEAK SUMMARY:
==14751==    definitely lost: 0 bytes in 0 blocks
==14751==    indirectly lost: 0 bytes in 0 blocks
==14751==      possibly lost: 0 bytes in 0 blocks
==14751==    still reachable: 16,522 bytes in 6 blocks
==14751==         suppressed: 0 bytes in 0 blocks
==14751== Rerun with --leak-check=full to see details of leaked memory
==14751== 
==14751== For counts of detected and suppressed errors, rerun with: -v
==14751== ERROR SUMMARY: 0 errors from 0 contexts (suppressed: 0 from 0)
