==14793== Memcheck, a memory error detector
==14793== Copyright (C) 2002-2013, and GNU GPL'd, by Julian Seward et al.
==14793== Using Valgrind-3.10.1 and LibVEX; rerun with -h for copyright info
==14793== Command: ./trab4
==14793== 
PARSE ERROR (6): syntax error, unexpected ID, expecting STRING
==14793== 
==14793== HEAP SUMMARY:
==14793==     in use at exit: 16,811 bytes in 23 blocks
==14793==   total heap usage: 24 allocs, 1 frees, 16,813 bytes allocated
==14793== 
==14793== LEAK SUMMARY:
==14793==    definitely lost: 24 bytes in 1 blocks
==14793==    indirectly lost: 16 bytes in 1 blocks
==14793==      possibly lost: 0 bytes in 0 blocks
==14793==    still reachable: 16,771 bytes in 21 blocks
==14793==         suppressed: 0 bytes in 0 blocks
==14793== Rerun with --leak-check=full to see details of leaked memory
==14793== 
==14793== For counts of detected and suppressed errors, rerun with: -v
==14793== ERROR SUMMARY: 0 errors from 0 contexts (suppressed: 0 from 0)
