==14781== Memcheck, a memory error detector
==14781== Copyright (C) 2002-2013, and GNU GPL'd, by Julian Seward et al.
==14781== Using Valgrind-3.10.1 and LibVEX; rerun with -h for copyright info
==14781== Command: ./trab4
==14781== 
==14781== 
==14781== HEAP SUMMARY:
==14781==     in use at exit: 16,458 bytes in 3 blocks
==14781==   total heap usage: 33 allocs, 30 frees, 17,415 bytes allocated
==14781== 
==14781== LEAK SUMMARY:
==14781==    definitely lost: 0 bytes in 0 blocks
==14781==    indirectly lost: 0 bytes in 0 blocks
==14781==      possibly lost: 0 bytes in 0 blocks
==14781==    still reachable: 16,458 bytes in 3 blocks
==14781==         suppressed: 0 bytes in 0 blocks
==14781== Rerun with --leak-check=full to see details of leaked memory
==14781== 
==14781== For counts of detected and suppressed errors, rerun with: -v
==14781== ERROR SUMMARY: 0 errors from 0 contexts (suppressed: 0 from 0)
