==14811== Memcheck, a memory error detector
==14811== Copyright (C) 2002-2013, and GNU GPL'd, by Julian Seward et al.
==14811== Using Valgrind-3.10.1 and LibVEX; rerun with -h for copyright info
==14811== Command: ./trab4
==14811== 
INTERPRETER ERROR: array 'm1' declared at line 4 is missing access index.
==14811== 
==14811== HEAP SUMMARY:
==14811==     in use at exit: 17,290 bytes in 26 blocks
==14811==   total heap usage: 28 allocs, 2 frees, 17,297 bytes allocated
==14811== 
==14811== LEAK SUMMARY:
==14811==    definitely lost: 0 bytes in 0 blocks
==14811==    indirectly lost: 0 bytes in 0 blocks
==14811==      possibly lost: 0 bytes in 0 blocks
==14811==    still reachable: 17,290 bytes in 26 blocks
==14811==         suppressed: 0 bytes in 0 blocks
==14811== Rerun with --leak-check=full to see details of leaked memory
==14811== 
==14811== For counts of detected and suppressed errors, rerun with: -v
==14811== ERROR SUMMARY: 0 errors from 0 contexts (suppressed: 0 from 0)
