==14757== Memcheck, a memory error detector
==14757== Copyright (C) 2002-2013, and GNU GPL'd, by Julian Seward et al.
==14757== Using Valgrind-3.10.1 and LibVEX; rerun with -h for copyright info
==14757== Command: ./trab4
==14757== 
SEMANTIC ERROR (4): variable 'x' was not declared.
==14757== 
==14757== HEAP SUMMARY:
==14757==     in use at exit: 16,593 bytes in 10 blocks
==14757==   total heap usage: 10 allocs, 0 frees, 16,593 bytes allocated
==14757== 
==14757== LEAK SUMMARY:
==14757==    definitely lost: 0 bytes in 0 blocks
==14757==    indirectly lost: 0 bytes in 0 blocks
==14757==      possibly lost: 0 bytes in 0 blocks
==14757==    still reachable: 16,593 bytes in 10 blocks
==14757==         suppressed: 0 bytes in 0 blocks
==14757== Rerun with --leak-check=full to see details of leaked memory
==14757== 
==14757== For counts of detected and suppressed errors, rerun with: -v
==14757== ERROR SUMMARY: 0 errors from 0 contexts (suppressed: 0 from 0)
