==14725== Memcheck, a memory error detector
==14725== Copyright (C) 2002-2013, and GNU GPL'd, by Julian Seward et al.
==14725== Using Valgrind-3.10.1 and LibVEX; rerun with -h for copyright info
==14725== Command: ./trab4
==14725== 
SEMANTIC ERROR (6): variable 'x' already declared at line 4.
==14725== 
==14725== HEAP SUMMARY:
==14725==     in use at exit: 16,781 bytes in 19 blocks
==14725==   total heap usage: 19 allocs, 0 frees, 16,781 bytes allocated
==14725== 
==14725== LEAK SUMMARY:
==14725==    definitely lost: 0 bytes in 0 blocks
==14725==    indirectly lost: 0 bytes in 0 blocks
==14725==      possibly lost: 0 bytes in 0 blocks
==14725==    still reachable: 16,781 bytes in 19 blocks
==14725==         suppressed: 0 bytes in 0 blocks
==14725== Rerun with --leak-check=full to see details of leaked memory
==14725== 
==14725== For counts of detected and suppressed errors, rerun with: -v
==14725== ERROR SUMMARY: 0 errors from 0 contexts (suppressed: 0 from 0)
