==14745== Memcheck, a memory error detector
==14745== Copyright (C) 2002-2013, and GNU GPL'd, by Julian Seward et al.
==14745== Using Valgrind-3.10.1 and LibVEX; rerun with -h for copyright info
==14745== Command: ./trab4
==14745== 
SEMANTIC ERROR (7): function 'f' already declared at line 3.
==14745== 
==14745== HEAP SUMMARY:
==14745==     in use at exit: 16,868 bytes in 26 blocks
==14745==   total heap usage: 26 allocs, 0 frees, 16,868 bytes allocated
==14745== 
==14745== LEAK SUMMARY:
==14745==    definitely lost: 0 bytes in 0 blocks
==14745==    indirectly lost: 0 bytes in 0 blocks
==14745==      possibly lost: 0 bytes in 0 blocks
==14745==    still reachable: 16,868 bytes in 26 blocks
==14745==         suppressed: 0 bytes in 0 blocks
==14745== Rerun with --leak-check=full to see details of leaked memory
==14745== 
==14745== For counts of detected and suppressed errors, rerun with: -v
==14745== ERROR SUMMARY: 0 errors from 0 contexts (suppressed: 0 from 0)
