==14769== Memcheck, a memory error detector
==14769== Copyright (C) 2002-2013, and GNU GPL'd, by Julian Seward et al.
==14769== Using Valgrind-3.10.1 and LibVEX; rerun with -h for copyright info
==14769== Command: ./trab4
==14769== 
SEMANTIC ERROR (7): function 'factorial' was not declared.
==14769== 
==14769== HEAP SUMMARY:
==14769==     in use at exit: 16,989 bytes in 33 blocks
==14769==   total heap usage: 36 allocs, 3 frees, 16,995 bytes allocated
==14769== 
==14769== LEAK SUMMARY:
==14769==    definitely lost: 0 bytes in 0 blocks
==14769==    indirectly lost: 0 bytes in 0 blocks
==14769==      possibly lost: 0 bytes in 0 blocks
==14769==    still reachable: 16,989 bytes in 33 blocks
==14769==         suppressed: 0 bytes in 0 blocks
==14769== Rerun with --leak-check=full to see details of leaked memory
==14769== 
==14769== For counts of detected and suppressed errors, rerun with: -v
==14769== ERROR SUMMARY: 0 errors from 0 contexts (suppressed: 0 from 0)
