==18770== Memcheck, a memory error detector
==18770== Copyright (C) 2002-2013, and GNU GPL'd, by Julian Seward et al.
==18770== Using Valgrind-3.10.1 and LibVEX; rerun with -h for copyright info
==18770== Command: ./trab3
==18770== 
PARSE SUCCESSFUL!
==18770== 
==18770== HEAP SUMMARY:
==18770==     in use at exit: 16,458 bytes in 3 blocks
==18770==   total heap usage: 98 allocs, 95 frees, 17,774 bytes allocated
==18770== 
==18770== 8 bytes in 1 blocks are still reachable in loss record 1 of 3
==18770==    at 0x4C2AB80: malloc (in /usr/lib/valgrind/vgpreload_memcheck-amd64-linux.so)
==18770==    by 0x405036: yyalloc (scanner.c:1978)
==18770==    by 0x404B43: yyensure_buffer_stack (scanner.c:1675)
==18770==    by 0x40367A: yylex (scanner.c:759)
==18770==    by 0x40216F: yyparse (parser.c:1478)
==18770==    by 0x4035A5: main (parser.y:218)
==18770== 
==18770== 64 bytes in 1 blocks are still reachable in loss record 2 of 3
==18770==    at 0x4C2AB80: malloc (in /usr/lib/valgrind/vgpreload_memcheck-amd64-linux.so)
==18770==    by 0x405036: yyalloc (scanner.c:1978)
==18770==    by 0x4046DC: yy_create_buffer (scanner.c:1510)
==18770==    by 0x4036A4: yylex (scanner.c:761)
==18770==    by 0x40216F: yyparse (parser.c:1478)
==18770==    by 0x4035A5: main (parser.y:218)
==18770== 
==18770== 16,386 bytes in 1 blocks are still reachable in loss record 3 of 3
==18770==    at 0x4C2AB80: malloc (in /usr/lib/valgrind/vgpreload_memcheck-amd64-linux.so)
==18770==    by 0x405036: yyalloc (scanner.c:1978)
==18770==    by 0x404713: yy_create_buffer (scanner.c:1519)
==18770==    by 0x4036A4: yylex (scanner.c:761)
==18770==    by 0x40216F: yyparse (parser.c:1478)
==18770==    by 0x4035A5: main (parser.y:218)
==18770== 
==18770== LEAK SUMMARY:
==18770==    definitely lost: 0 bytes in 0 blocks
==18770==    indirectly lost: 0 bytes in 0 blocks
==18770==      possibly lost: 0 bytes in 0 blocks
==18770==    still reachable: 16,458 bytes in 3 blocks
==18770==         suppressed: 0 bytes in 0 blocks
==18770== 
==18770== For counts of detected and suppressed errors, rerun with: -v
==18770== ERROR SUMMARY: 0 errors from 0 contexts (suppressed: 0 from 0)
