==18818== Memcheck, a memory error detector
==18818== Copyright (C) 2002-2013, and GNU GPL'd, by Julian Seward et al.
==18818== Using Valgrind-3.10.1 and LibVEX; rerun with -h for copyright info
==18818== Command: ./trab3
==18818== 
PARSE ERROR (10): syntax error, unexpected $end
==18818== 
==18818== HEAP SUMMARY:
==18818==     in use at exit: 16,963 bytes in 34 blocks
==18818==   total heap usage: 35 allocs, 1 frees, 16,965 bytes allocated
==18818== 
==18818== 4 bytes in 1 blocks are indirectly lost in loss record 1 of 28
==18818==    at 0x4C2AB80: malloc (in /usr/lib/valgrind/vgpreload_memcheck-amd64-linux.so)
==18818==    by 0x403981: yylex (scanner.l:58)
==18818==    by 0x40216F: yyparse (parser.c:1478)
==18818==    by 0x4035A5: main (parser.y:218)
==18818== 
==18818== 7 bytes in 2 blocks are still reachable in loss record 2 of 28
==18818==    at 0x4C2AB80: malloc (in /usr/lib/valgrind/vgpreload_memcheck-amd64-linux.so)
==18818==    by 0x4EBFB49: strdup (strdup.c:42)
==18818==    by 0x4039ED: yylex (scanner.l:59)
==18818==    by 0x40216F: yyparse (parser.c:1478)
==18818==    by 0x4035A5: main (parser.y:218)
==18818== 
==18818== 8 bytes in 1 blocks are still reachable in loss record 3 of 28
==18818==    at 0x4C2AB80: malloc (in /usr/lib/valgrind/vgpreload_memcheck-amd64-linux.so)
==18818==    by 0x405036: yyalloc (scanner.c:1978)
==18818==    by 0x404B43: yyensure_buffer_stack (scanner.c:1675)
==18818==    by 0x40367A: yylex (scanner.c:759)
==18818==    by 0x40216F: yyparse (parser.c:1478)
==18818==    by 0x4035A5: main (parser.y:218)
==18818== 
==18818== 8 bytes in 1 blocks are indirectly lost in loss record 4 of 28
==18818==    at 0x4C2AB80: malloc (in /usr/lib/valgrind/vgpreload_memcheck-amd64-linux.so)
==18818==    by 0x400CFF: new_node (ast.c:30)
==18818==    by 0x4028C6: yyparse (parser.y:126)
==18818==    by 0x4035A5: main (parser.y:218)
==18818== 
==18818== 8 bytes in 1 blocks are indirectly lost in loss record 5 of 28
==18818==    at 0x4C2AB80: malloc (in /usr/lib/valgrind/vgpreload_memcheck-amd64-linux.so)
==18818==    by 0x400CFF: new_node (ast.c:30)
==18818==    by 0x402F6B: yyparse (parser.y:199)
==18818==    by 0x4035A5: main (parser.y:218)
==18818== 
==18818== 16 bytes in 1 blocks are still reachable in loss record 6 of 28
==18818==    at 0x4C2AB80: malloc (in /usr/lib/valgrind/vgpreload_memcheck-amd64-linux.so)
==18818==    by 0x405089: new_table (table.c:61)
==18818==    by 0x403599: main (parser.y:216)
==18818== 
==18818== 16 bytes in 1 blocks are still reachable in loss record 7 of 28
==18818==    at 0x4C2AB80: malloc (in /usr/lib/valgrind/vgpreload_memcheck-amd64-linux.so)
==18818==    by 0x401394: new_node (list.c:44)
==18818==    by 0x401400: append (list.c:55)
==18818==    by 0x40556D: add_function (table.c:224)
==18818==    by 0x4024E6: yyparse (parser.y:65)
==18818==    by 0x4035A5: main (parser.y:218)
==18818== 
==18818== 16 bytes in 1 blocks are still reachable in loss record 8 of 28
==18818==    at 0x4C2AB80: malloc (in /usr/lib/valgrind/vgpreload_memcheck-amd64-linux.so)
==18818==    by 0x401394: new_node (list.c:44)
==18818==    by 0x401400: append (list.c:55)
==18818==    by 0x4055E2: add_scalar (table.c:239)
==18818==    by 0x40270A: yyparse (parser.y:104)
==18818==    by 0x4035A5: main (parser.y:218)
==18818== 
==18818== 16 bytes in 1 blocks are still reachable in loss record 9 of 28
==18818==    at 0x4C2AB80: malloc (in /usr/lib/valgrind/vgpreload_memcheck-amd64-linux.so)
==18818==    by 0x401394: new_node (list.c:44)
==18818==    by 0x401400: append (list.c:55)
==18818==    by 0x4027D1: yyparse (parser.y:110)
==18818==    by 0x4035A5: main (parser.y:218)
==18818== 
==18818== 16 bytes in 1 blocks are still reachable in loss record 10 of 28
==18818==    at 0x4C2AB80: malloc (in /usr/lib/valgrind/vgpreload_memcheck-amd64-linux.so)
==18818==    by 0x401394: new_node (list.c:44)
==18818==    by 0x401400: append (list.c:55)
==18818==    by 0x402792: yyparse (parser.y:109)
==18818==    by 0x4035A5: main (parser.y:218)
==18818== 
==18818== 16 bytes in 2 blocks are still reachable in loss record 11 of 28
==18818==    at 0x4C2AB80: malloc (in /usr/lib/valgrind/vgpreload_memcheck-amd64-linux.so)
==18818==    by 0x400CFF: new_node (ast.c:30)
==18818==    by 0x402BBE: yyparse (parser.y:164)
==18818==    by 0x4035A5: main (parser.y:218)
==18818== 
==18818== 16 bytes in 1 blocks are indirectly lost in loss record 12 of 28
==18818==    at 0x4C2AB80: malloc (in /usr/lib/valgrind/vgpreload_memcheck-amd64-linux.so)
==18818==    by 0x401394: new_node (list.c:44)
==18818==    by 0x401400: append (list.c:55)
==18818==    by 0x4026D1: yyparse (parser.y:100)
==18818==    by 0x4035A5: main (parser.y:218)
==18818== 
==18818== 16 bytes in 1 blocks are indirectly lost in loss record 13 of 28
==18818==    at 0x4C2AB80: malloc (in /usr/lib/valgrind/vgpreload_memcheck-amd64-linux.so)
==18818==    by 0x400C8E: new_node (ast.c:24)
==18818==    by 0x4028C6: yyparse (parser.y:126)
==18818==    by 0x4035A5: main (parser.y:218)
==18818== 
==18818== 16 bytes in 1 blocks are indirectly lost in loss record 14 of 28
==18818==    at 0x4C2AB80: malloc (in /usr/lib/valgrind/vgpreload_memcheck-amd64-linux.so)
==18818==    by 0x400C8E: new_node (ast.c:24)
==18818==    by 0x402F6B: yyparse (parser.y:199)
==18818==    by 0x4035A5: main (parser.y:218)
==18818== 
==18818== 16 bytes in 1 blocks are indirectly lost in loss record 15 of 28
==18818==    at 0x4C2AB80: malloc (in /usr/lib/valgrind/vgpreload_memcheck-amd64-linux.so)
==18818==    by 0x400CFF: new_node (ast.c:30)
==18818==    by 0x402DEB: yyparse (parser.y:186)
==18818==    by 0x4035A5: main (parser.y:218)
==18818== 
==18818== 24 bytes in 1 blocks are still reachable in loss record 16 of 28
==18818==    at 0x4C2AB80: malloc (in /usr/lib/valgrind/vgpreload_memcheck-amd64-linux.so)
==18818==    by 0x401305: new_list (list.c:25)
==18818==    by 0x4050C1: new_table (table.c:63)
==18818==    by 0x403599: main (parser.y:216)
==18818== 
==18818== 24 bytes in 1 blocks are still reachable in loss record 17 of 28
==18818==    at 0x4C2AB80: malloc (in /usr/lib/valgrind/vgpreload_memcheck-amd64-linux.so)
==18818==    by 0x401305: new_list (list.c:25)
==18818==    by 0x4050CD: new_table (table.c:64)
==18818==    by 0x403599: main (parser.y:216)
==18818== 
==18818== 24 bytes in 1 blocks are still reachable in loss record 18 of 28
==18818==    at 0x4C2AB80: malloc (in /usr/lib/valgrind/vgpreload_memcheck-amd64-linux.so)
==18818==    by 0x401305: new_list (list.c:25)
==18818==    by 0x4027AE: yyparse (parser.y:110)
==18818==    by 0x4035A5: main (parser.y:218)
==18818== 
==18818== 30 bytes in 2 blocks are still reachable in loss record 19 of 28
==18818==    at 0x4C2AB80: malloc (in /usr/lib/valgrind/vgpreload_memcheck-amd64-linux.so)
==18818==    by 0x4EBFB49: strdup (strdup.c:42)
==18818==    by 0x403A0D: yylex (scanner.l:60)
==18818==    by 0x40216F: yyparse (parser.c:1478)
==18818==    by 0x4035A5: main (parser.y:218)
==18818== 
==18818== 32 bytes in 2 blocks are still reachable in loss record 20 of 28
==18818==    at 0x4C2AB80: malloc (in /usr/lib/valgrind/vgpreload_memcheck-amd64-linux.so)
==18818==    by 0x405211: new_literal (table.c:110)
==18818==    by 0x4056C7: add_literal (table.c:272)
==18818==    by 0x402BAC: yyparse (parser.y:164)
==18818==    by 0x4035A5: main (parser.y:218)
==18818== 
==18818== 32 bytes in 2 blocks are still reachable in loss record 21 of 28
==18818==    at 0x4C2AB80: malloc (in /usr/lib/valgrind/vgpreload_memcheck-amd64-linux.so)
==18818==    by 0x401394: new_node (list.c:44)
==18818==    by 0x401400: append (list.c:55)
==18818==    by 0x4056E2: add_literal (table.c:274)
==18818==    by 0x402BAC: yyparse (parser.y:164)
==18818==    by 0x4035A5: main (parser.y:218)
==18818== 
==18818== 32 bytes in 2 blocks are still reachable in loss record 22 of 28
==18818==    at 0x4C2AB80: malloc (in /usr/lib/valgrind/vgpreload_memcheck-amd64-linux.so)
==18818==    by 0x400C8E: new_node (ast.c:24)
==18818==    by 0x402BBE: yyparse (parser.y:164)
==18818==    by 0x4035A5: main (parser.y:218)
==18818== 
==18818== 40 bytes in 1 blocks are still reachable in loss record 23 of 28
==18818==    at 0x4C2AB80: malloc (in /usr/lib/valgrind/vgpreload_memcheck-amd64-linux.so)
==18818==    by 0x405143: new_symbol (table.c:83)
==18818==    by 0x40553D: add_function (table.c:220)
==18818==    by 0x4024E6: yyparse (parser.y:65)
==18818==    by 0x4035A5: main (parser.y:218)
==18818== 
==18818== 40 bytes in 1 blocks are still reachable in loss record 24 of 28
==18818==    at 0x4C2AB80: malloc (in /usr/lib/valgrind/vgpreload_memcheck-amd64-linux.so)
==18818==    by 0x405143: new_symbol (table.c:83)
==18818==    by 0x4055B7: add_scalar (table.c:236)
==18818==    by 0x40270A: yyparse (parser.y:104)
==18818==    by 0x4035A5: main (parser.y:218)
==18818== 
==18818== 40 (24 direct, 16 indirect) bytes in 1 blocks are definitely lost in loss record 25 of 28
==18818==    at 0x4C2AB80: malloc (in /usr/lib/valgrind/vgpreload_memcheck-amd64-linux.so)
==18818==    by 0x401305: new_list (list.c:25)
==18818==    by 0x4026AE: yyparse (parser.y:100)
==18818==    by 0x4035A5: main (parser.y:218)
==18818== 
==18818== 64 bytes in 1 blocks are still reachable in loss record 26 of 28
==18818==    at 0x4C2AB80: malloc (in /usr/lib/valgrind/vgpreload_memcheck-amd64-linux.so)
==18818==    by 0x405036: yyalloc (scanner.c:1978)
==18818==    by 0x4046DC: yy_create_buffer (scanner.c:1510)
==18818==    by 0x4036A4: yylex (scanner.c:761)
==18818==    by 0x40216F: yyparse (parser.c:1478)
==18818==    by 0x4035A5: main (parser.y:218)
==18818== 
==18818== 84 (16 direct, 68 indirect) bytes in 1 blocks are definitely lost in loss record 27 of 28
==18818==    at 0x4C2AB80: malloc (in /usr/lib/valgrind/vgpreload_memcheck-amd64-linux.so)
==18818==    by 0x400C8E: new_node (ast.c:24)
==18818==    by 0x402DEB: yyparse (parser.y:186)
==18818==    by 0x4035A5: main (parser.y:218)
==18818== 
==18818== 16,386 bytes in 1 blocks are still reachable in loss record 28 of 28
==18818==    at 0x4C2AB80: malloc (in /usr/lib/valgrind/vgpreload_memcheck-amd64-linux.so)
==18818==    by 0x405036: yyalloc (scanner.c:1978)
==18818==    by 0x404713: yy_create_buffer (scanner.c:1519)
==18818==    by 0x4036A4: yylex (scanner.c:761)
==18818==    by 0x40216F: yyparse (parser.c:1478)
==18818==    by 0x4035A5: main (parser.y:218)
==18818== 
==18818== LEAK SUMMARY:
==18818==    definitely lost: 40 bytes in 2 blocks
==18818==    indirectly lost: 84 bytes in 7 blocks
==18818==      possibly lost: 0 bytes in 0 blocks
==18818==    still reachable: 16,839 bytes in 25 blocks
==18818==         suppressed: 0 bytes in 0 blocks
==18818== 
==18818== For counts of detected and suppressed errors, rerun with: -v
==18818== ERROR SUMMARY: 2 errors from 2 contexts (suppressed: 0 from 0)
