==18824== Memcheck, a memory error detector
==18824== Copyright (C) 2002-2013, and GNU GPL'd, by Julian Seward et al.
==18824== Using Valgrind-3.10.1 and LibVEX; rerun with -h for copyright info
==18824== Command: ./trab3
==18824== 
PARSE ERROR (4): syntax error, unexpected NUM, expecting LPAREN
==18824== 
==18824== HEAP SUMMARY:
==18824==     in use at exit: 16,587 bytes in 10 blocks
==18824==   total heap usage: 10 allocs, 0 frees, 16,587 bytes allocated
==18824== 
==18824== 4 bytes in 1 blocks are still reachable in loss record 1 of 10
==18824==    at 0x4C2AB80: malloc (in /usr/lib/valgrind/vgpreload_memcheck-amd64-linux.so)
==18824==    by 0x403981: yylex (scanner.l:58)
==18824==    by 0x40216F: yyparse (parser.c:1478)
==18824==    by 0x4035A5: main (parser.y:218)
==18824== 
==18824== 5 bytes in 1 blocks are still reachable in loss record 2 of 10
==18824==    at 0x4C2AB80: malloc (in /usr/lib/valgrind/vgpreload_memcheck-amd64-linux.so)
==18824==    by 0x4EBFB49: strdup (strdup.c:42)
==18824==    by 0x4039ED: yylex (scanner.l:59)
==18824==    by 0x40216F: yyparse (parser.c:1478)
==18824==    by 0x4035A5: main (parser.y:218)
==18824== 
==18824== 8 bytes in 1 blocks are still reachable in loss record 3 of 10
==18824==    at 0x4C2AB80: malloc (in /usr/lib/valgrind/vgpreload_memcheck-amd64-linux.so)
==18824==    by 0x405036: yyalloc (scanner.c:1978)
==18824==    by 0x404B43: yyensure_buffer_stack (scanner.c:1675)
==18824==    by 0x40367A: yylex (scanner.c:759)
==18824==    by 0x40216F: yyparse (parser.c:1478)
==18824==    by 0x4035A5: main (parser.y:218)
==18824== 
==18824== 16 bytes in 1 blocks are still reachable in loss record 4 of 10
==18824==    at 0x4C2AB80: malloc (in /usr/lib/valgrind/vgpreload_memcheck-amd64-linux.so)
==18824==    by 0x405089: new_table (table.c:61)
==18824==    by 0x403599: main (parser.y:216)
==18824== 
==18824== 16 bytes in 1 blocks are still reachable in loss record 5 of 10
==18824==    at 0x4C2AB80: malloc (in /usr/lib/valgrind/vgpreload_memcheck-amd64-linux.so)
==18824==    by 0x401394: new_node (list.c:44)
==18824==    by 0x401400: append (list.c:55)
==18824==    by 0x40556D: add_function (table.c:224)
==18824==    by 0x4024E6: yyparse (parser.y:65)
==18824==    by 0x4035A5: main (parser.y:218)
==18824== 
==18824== 24 bytes in 1 blocks are still reachable in loss record 6 of 10
==18824==    at 0x4C2AB80: malloc (in /usr/lib/valgrind/vgpreload_memcheck-amd64-linux.so)
==18824==    by 0x401305: new_list (list.c:25)
==18824==    by 0x4050C1: new_table (table.c:63)
==18824==    by 0x403599: main (parser.y:216)
==18824== 
==18824== 24 bytes in 1 blocks are still reachable in loss record 7 of 10
==18824==    at 0x4C2AB80: malloc (in /usr/lib/valgrind/vgpreload_memcheck-amd64-linux.so)
==18824==    by 0x401305: new_list (list.c:25)
==18824==    by 0x4050CD: new_table (table.c:64)
==18824==    by 0x403599: main (parser.y:216)
==18824== 
==18824== 40 bytes in 1 blocks are still reachable in loss record 8 of 10
==18824==    at 0x4C2AB80: malloc (in /usr/lib/valgrind/vgpreload_memcheck-amd64-linux.so)
==18824==    by 0x405143: new_symbol (table.c:83)
==18824==    by 0x40553D: add_function (table.c:220)
==18824==    by 0x4024E6: yyparse (parser.y:65)
==18824==    by 0x4035A5: main (parser.y:218)
==18824== 
==18824== 64 bytes in 1 blocks are still reachable in loss record 9 of 10
==18824==    at 0x4C2AB80: malloc (in /usr/lib/valgrind/vgpreload_memcheck-amd64-linux.so)
==18824==    by 0x405036: yyalloc (scanner.c:1978)
==18824==    by 0x4046DC: yy_create_buffer (scanner.c:1510)
==18824==    by 0x4036A4: yylex (scanner.c:761)
==18824==    by 0x40216F: yyparse (parser.c:1478)
==18824==    by 0x4035A5: main (parser.y:218)
==18824== 
==18824== 16,386 bytes in 1 blocks are still reachable in loss record 10 of 10
==18824==    at 0x4C2AB80: malloc (in /usr/lib/valgrind/vgpreload_memcheck-amd64-linux.so)
==18824==    by 0x405036: yyalloc (scanner.c:1978)
==18824==    by 0x404713: yy_create_buffer (scanner.c:1519)
==18824==    by 0x4036A4: yylex (scanner.c:761)
==18824==    by 0x40216F: yyparse (parser.c:1478)
==18824==    by 0x4035A5: main (parser.y:218)
==18824== 
==18824== LEAK SUMMARY:
==18824==    definitely lost: 0 bytes in 0 blocks
==18824==    indirectly lost: 0 bytes in 0 blocks
==18824==      possibly lost: 0 bytes in 0 blocks
==18824==    still reachable: 16,587 bytes in 10 blocks
==18824==         suppressed: 0 bytes in 0 blocks
==18824== 
==18824== For counts of detected and suppressed errors, rerun with: -v
==18824== ERROR SUMMARY: 0 errors from 0 contexts (suppressed: 0 from 0)
