==18812== Memcheck, a memory error detector
==18812== Copyright (C) 2002-2013, and GNU GPL'd, by Julian Seward et al.
==18812== Using Valgrind-3.10.1 and LibVEX; rerun with -h for copyright info
==18812== Command: ./trab3
==18812== 
PARSE ERROR (6): syntax error, unexpected RBRACE
==18812== 
==18812== HEAP SUMMARY:
==18812==     in use at exit: 16,733 bytes in 19 blocks
==18812==   total heap usage: 20 allocs, 1 frees, 16,735 bytes allocated
==18812== 
==18812== 4 bytes in 1 blocks are still reachable in loss record 1 of 18
==18812==    at 0x4C2AB80: malloc (in /usr/lib/valgrind/vgpreload_memcheck-amd64-linux.so)
==18812==    by 0x403981: yylex (scanner.l:58)
==18812==    by 0x40216F: yyparse (parser.c:1478)
==18812==    by 0x4035A5: main (parser.y:218)
==18812== 
==18812== 7 bytes in 2 blocks are still reachable in loss record 2 of 18
==18812==    at 0x4C2AB80: malloc (in /usr/lib/valgrind/vgpreload_memcheck-amd64-linux.so)
==18812==    by 0x4EBFB49: strdup (strdup.c:42)
==18812==    by 0x4039ED: yylex (scanner.l:59)
==18812==    by 0x40216F: yyparse (parser.c:1478)
==18812==    by 0x4035A5: main (parser.y:218)
==18812== 
==18812== 8 bytes in 1 blocks are still reachable in loss record 3 of 18
==18812==    at 0x4C2AB80: malloc (in /usr/lib/valgrind/vgpreload_memcheck-amd64-linux.so)
==18812==    by 0x405036: yyalloc (scanner.c:1978)
==18812==    by 0x404B43: yyensure_buffer_stack (scanner.c:1675)
==18812==    by 0x40367A: yylex (scanner.c:759)
==18812==    by 0x40216F: yyparse (parser.c:1478)
==18812==    by 0x4035A5: main (parser.y:218)
==18812== 
==18812== 8 bytes in 1 blocks are indirectly lost in loss record 4 of 18
==18812==    at 0x4C2AB80: malloc (in /usr/lib/valgrind/vgpreload_memcheck-amd64-linux.so)
==18812==    by 0x400CFF: new_node (ast.c:30)
==18812==    by 0x4028C6: yyparse (parser.y:126)
==18812==    by 0x4035A5: main (parser.y:218)
==18812== 
==18812== 8 bytes in 1 blocks are indirectly lost in loss record 5 of 18
==18812==    at 0x4C2AB80: malloc (in /usr/lib/valgrind/vgpreload_memcheck-amd64-linux.so)
==18812==    by 0x400CFF: new_node (ast.c:30)
==18812==    by 0x402F6B: yyparse (parser.y:199)
==18812==    by 0x4035A5: main (parser.y:218)
==18812== 
==18812== 16 bytes in 1 blocks are still reachable in loss record 6 of 18
==18812==    at 0x4C2AB80: malloc (in /usr/lib/valgrind/vgpreload_memcheck-amd64-linux.so)
==18812==    by 0x405089: new_table (table.c:61)
==18812==    by 0x403599: main (parser.y:216)
==18812== 
==18812== 16 bytes in 1 blocks are still reachable in loss record 7 of 18
==18812==    at 0x4C2AB80: malloc (in /usr/lib/valgrind/vgpreload_memcheck-amd64-linux.so)
==18812==    by 0x401394: new_node (list.c:44)
==18812==    by 0x401400: append (list.c:55)
==18812==    by 0x40556D: add_function (table.c:224)
==18812==    by 0x4024E6: yyparse (parser.y:65)
==18812==    by 0x4035A5: main (parser.y:218)
==18812== 
==18812== 16 bytes in 1 blocks are still reachable in loss record 8 of 18
==18812==    at 0x4C2AB80: malloc (in /usr/lib/valgrind/vgpreload_memcheck-amd64-linux.so)
==18812==    by 0x401394: new_node (list.c:44)
==18812==    by 0x401400: append (list.c:55)
==18812==    by 0x4055E2: add_scalar (table.c:239)
==18812==    by 0x40270A: yyparse (parser.y:104)
==18812==    by 0x4035A5: main (parser.y:218)
==18812== 
==18812== 16 bytes in 1 blocks are still reachable in loss record 9 of 18
==18812==    at 0x4C2AB80: malloc (in /usr/lib/valgrind/vgpreload_memcheck-amd64-linux.so)
==18812==    by 0x401394: new_node (list.c:44)
==18812==    by 0x401400: append (list.c:55)
==18812==    by 0x4026D1: yyparse (parser.y:100)
==18812==    by 0x4035A5: main (parser.y:218)
==18812== 
==18812== 24 bytes in 1 blocks are still reachable in loss record 10 of 18
==18812==    at 0x4C2AB80: malloc (in /usr/lib/valgrind/vgpreload_memcheck-amd64-linux.so)
==18812==    by 0x401305: new_list (list.c:25)
==18812==    by 0x4050C1: new_table (table.c:63)
==18812==    by 0x403599: main (parser.y:216)
==18812== 
==18812== 24 bytes in 1 blocks are still reachable in loss record 11 of 18
==18812==    at 0x4C2AB80: malloc (in /usr/lib/valgrind/vgpreload_memcheck-amd64-linux.so)
==18812==    by 0x401305: new_list (list.c:25)
==18812==    by 0x4050CD: new_table (table.c:64)
==18812==    by 0x403599: main (parser.y:216)
==18812== 
==18812== 24 bytes in 1 blocks are still reachable in loss record 12 of 18
==18812==    at 0x4C2AB80: malloc (in /usr/lib/valgrind/vgpreload_memcheck-amd64-linux.so)
==18812==    by 0x401305: new_list (list.c:25)
==18812==    by 0x4026AE: yyparse (parser.y:100)
==18812==    by 0x4035A5: main (parser.y:218)
==18812== 
==18812== 24 (16 direct, 8 indirect) bytes in 1 blocks are definitely lost in loss record 13 of 18
==18812==    at 0x4C2AB80: malloc (in /usr/lib/valgrind/vgpreload_memcheck-amd64-linux.so)
==18812==    by 0x400C8E: new_node (ast.c:24)
==18812==    by 0x4028C6: yyparse (parser.y:126)
==18812==    by 0x4035A5: main (parser.y:218)
==18812== 
==18812== 24 (16 direct, 8 indirect) bytes in 1 blocks are definitely lost in loss record 14 of 18
==18812==    at 0x4C2AB80: malloc (in /usr/lib/valgrind/vgpreload_memcheck-amd64-linux.so)
==18812==    by 0x400C8E: new_node (ast.c:24)
==18812==    by 0x402F6B: yyparse (parser.y:199)
==18812==    by 0x4035A5: main (parser.y:218)
==18812== 
==18812== 40 bytes in 1 blocks are still reachable in loss record 15 of 18
==18812==    at 0x4C2AB80: malloc (in /usr/lib/valgrind/vgpreload_memcheck-amd64-linux.so)
==18812==    by 0x405143: new_symbol (table.c:83)
==18812==    by 0x40553D: add_function (table.c:220)
==18812==    by 0x4024E6: yyparse (parser.y:65)
==18812==    by 0x4035A5: main (parser.y:218)
==18812== 
==18812== 40 bytes in 1 blocks are still reachable in loss record 16 of 18
==18812==    at 0x4C2AB80: malloc (in /usr/lib/valgrind/vgpreload_memcheck-amd64-linux.so)
==18812==    by 0x405143: new_symbol (table.c:83)
==18812==    by 0x4055B7: add_scalar (table.c:236)
==18812==    by 0x40270A: yyparse (parser.y:104)
==18812==    by 0x4035A5: main (parser.y:218)
==18812== 
==18812== 64 bytes in 1 blocks are still reachable in loss record 17 of 18
==18812==    at 0x4C2AB80: malloc (in /usr/lib/valgrind/vgpreload_memcheck-amd64-linux.so)
==18812==    by 0x405036: yyalloc (scanner.c:1978)
==18812==    by 0x4046DC: yy_create_buffer (scanner.c:1510)
==18812==    by 0x4036A4: yylex (scanner.c:761)
==18812==    by 0x40216F: yyparse (parser.c:1478)
==18812==    by 0x4035A5: main (parser.y:218)
==18812== 
==18812== 16,386 bytes in 1 blocks are still reachable in loss record 18 of 18
==18812==    at 0x4C2AB80: malloc (in /usr/lib/valgrind/vgpreload_memcheck-amd64-linux.so)
==18812==    by 0x405036: yyalloc (scanner.c:1978)
==18812==    by 0x404713: yy_create_buffer (scanner.c:1519)
==18812==    by 0x4036A4: yylex (scanner.c:761)
==18812==    by 0x40216F: yyparse (parser.c:1478)
==18812==    by 0x4035A5: main (parser.y:218)
==18812== 
==18812== LEAK SUMMARY:
==18812==    definitely lost: 32 bytes in 2 blocks
==18812==    indirectly lost: 16 bytes in 2 blocks
==18812==      possibly lost: 0 bytes in 0 blocks
==18812==    still reachable: 16,685 bytes in 15 blocks
==18812==         suppressed: 0 bytes in 0 blocks
==18812== 
==18812== For counts of detected and suppressed errors, rerun with: -v
==18812== ERROR SUMMARY: 2 errors from 2 contexts (suppressed: 0 from 0)
