==18848== Memcheck, a memory error detector
==18848== Copyright (C) 2002-2013, and GNU GPL'd, by Julian Seward et al.
==18848== Using Valgrind-3.10.1 and LibVEX; rerun with -h for copyright info
==18848== Command: ./trab3
==18848== 
SEMANTIC ERROR (7): function 'f' already declared at line 3.
==18848== 
==18848== HEAP SUMMARY:
==18848==     in use at exit: 16,852 bytes in 26 blocks
==18848==   total heap usage: 26 allocs, 0 frees, 16,852 bytes allocated
==18848== 
==18848== 4 bytes in 1 blocks are still reachable in loss record 1 of 24
==18848==    at 0x4C2AB80: malloc (in /usr/lib/valgrind/vgpreload_memcheck-amd64-linux.so)
==18848==    by 0x403981: yylex (scanner.l:58)
==18848==    by 0x40216F: yyparse (parser.c:1478)
==18848==    by 0x4035A5: main (parser.y:218)
==18848== 
==18848== 6 bytes in 3 blocks are still reachable in loss record 2 of 24
==18848==    at 0x4C2AB80: malloc (in /usr/lib/valgrind/vgpreload_memcheck-amd64-linux.so)
==18848==    by 0x4EBFB49: strdup (strdup.c:42)
==18848==    by 0x4039ED: yylex (scanner.l:59)
==18848==    by 0x40216F: yyparse (parser.c:1478)
==18848==    by 0x4035A5: main (parser.y:218)
==18848== 
==18848== 8 bytes in 1 blocks are still reachable in loss record 3 of 24
==18848==    at 0x4C2AB80: malloc (in /usr/lib/valgrind/vgpreload_memcheck-amd64-linux.so)
==18848==    by 0x405036: yyalloc (scanner.c:1978)
==18848==    by 0x404B43: yyensure_buffer_stack (scanner.c:1675)
==18848==    by 0x40367A: yylex (scanner.c:759)
==18848==    by 0x40216F: yyparse (parser.c:1478)
==18848==    by 0x4035A5: main (parser.y:218)
==18848== 
==18848== 8 bytes in 1 blocks are still reachable in loss record 4 of 24
==18848==    at 0x4C2AB80: malloc (in /usr/lib/valgrind/vgpreload_memcheck-amd64-linux.so)
==18848==    by 0x400CFF: new_node (ast.c:30)
==18848==    by 0x402F6B: yyparse (parser.y:199)
==18848==    by 0x4035A5: main (parser.y:218)
==18848== 
==18848== 8 bytes in 1 blocks are still reachable in loss record 5 of 24
==18848==    at 0x4C2AB80: malloc (in /usr/lib/valgrind/vgpreload_memcheck-amd64-linux.so)
==18848==    by 0x400CFF: new_node (ast.c:30)
==18848==    by 0x402AF7: yyparse (parser.y:146)
==18848==    by 0x4035A5: main (parser.y:218)
==18848== 
==18848== 16 bytes in 1 blocks are still reachable in loss record 6 of 24
==18848==    at 0x4C2AB80: malloc (in /usr/lib/valgrind/vgpreload_memcheck-amd64-linux.so)
==18848==    by 0x405089: new_table (table.c:61)
==18848==    by 0x403599: main (parser.y:216)
==18848== 
==18848== 16 bytes in 1 blocks are still reachable in loss record 7 of 24
==18848==    at 0x4C2AB80: malloc (in /usr/lib/valgrind/vgpreload_memcheck-amd64-linux.so)
==18848==    by 0x401394: new_node (list.c:44)
==18848==    by 0x401400: append (list.c:55)
==18848==    by 0x4055E2: add_scalar (table.c:239)
==18848==    by 0x40262F: yyparse (parser.y:94)
==18848==    by 0x4035A5: main (parser.y:218)
==18848== 
==18848== 16 bytes in 1 blocks are still reachable in loss record 8 of 24
==18848==    at 0x4C2AB80: malloc (in /usr/lib/valgrind/vgpreload_memcheck-amd64-linux.so)
==18848==    by 0x401394: new_node (list.c:44)
==18848==    by 0x401400: append (list.c:55)
==18848==    by 0x4025FA: yyparse (parser.y:90)
==18848==    by 0x4035A5: main (parser.y:218)
==18848== 
==18848== 16 bytes in 1 blocks are still reachable in loss record 9 of 24
==18848==    at 0x4C2AB80: malloc (in /usr/lib/valgrind/vgpreload_memcheck-amd64-linux.so)
==18848==    by 0x401394: new_node (list.c:44)
==18848==    by 0x401400: append (list.c:55)
==18848==    by 0x40556D: add_function (table.c:224)
==18848==    by 0x4024E6: yyparse (parser.y:65)
==18848==    by 0x4035A5: main (parser.y:218)
==18848== 
==18848== 16 bytes in 1 blocks are still reachable in loss record 10 of 24
==18848==    at 0x4C2AB80: malloc (in /usr/lib/valgrind/vgpreload_memcheck-amd64-linux.so)
==18848==    by 0x400C8E: new_node (ast.c:24)
==18848==    by 0x402F6B: yyparse (parser.y:199)
==18848==    by 0x4035A5: main (parser.y:218)
==18848== 
==18848== 16 bytes in 1 blocks are still reachable in loss record 11 of 24
==18848==    at 0x4C2AB80: malloc (in /usr/lib/valgrind/vgpreload_memcheck-amd64-linux.so)
==18848==    by 0x400C8E: new_node (ast.c:24)
==18848==    by 0x402AF7: yyparse (parser.y:146)
==18848==    by 0x4035A5: main (parser.y:218)
==18848== 
==18848== 16 bytes in 1 blocks are still reachable in loss record 12 of 24
==18848==    at 0x4C2AB80: malloc (in /usr/lib/valgrind/vgpreload_memcheck-amd64-linux.so)
==18848==    by 0x401394: new_node (list.c:44)
==18848==    by 0x401400: append (list.c:55)
==18848==    by 0x4027D1: yyparse (parser.y:110)
==18848==    by 0x4035A5: main (parser.y:218)
==18848== 
==18848== 16 bytes in 1 blocks are still reachable in loss record 13 of 24
==18848==    at 0x4C2AB80: malloc (in /usr/lib/valgrind/vgpreload_memcheck-amd64-linux.so)
==18848==    by 0x400C8E: new_node (ast.c:24)
==18848==    by 0x402496: yyparse (parser.y:61)
==18848==    by 0x4035A5: main (parser.y:218)
==18848== 
==18848== 16 bytes in 1 blocks are still reachable in loss record 14 of 24
==18848==    at 0x4C2AB80: malloc (in /usr/lib/valgrind/vgpreload_memcheck-amd64-linux.so)
==18848==    by 0x401394: new_node (list.c:44)
==18848==    by 0x401400: append (list.c:55)
==18848==    by 0x402447: yyparse (parser.y:57)
==18848==    by 0x4035A5: main (parser.y:218)
==18848== 
==18848== 24 bytes in 1 blocks are still reachable in loss record 15 of 24
==18848==    at 0x4C2AB80: malloc (in /usr/lib/valgrind/vgpreload_memcheck-amd64-linux.so)
==18848==    by 0x401305: new_list (list.c:25)
==18848==    by 0x4050C1: new_table (table.c:63)
==18848==    by 0x403599: main (parser.y:216)
==18848== 
==18848== 24 bytes in 1 blocks are still reachable in loss record 16 of 24
==18848==    at 0x4C2AB80: malloc (in /usr/lib/valgrind/vgpreload_memcheck-amd64-linux.so)
==18848==    by 0x401305: new_list (list.c:25)
==18848==    by 0x4050CD: new_table (table.c:64)
==18848==    by 0x403599: main (parser.y:216)
==18848== 
==18848== 24 bytes in 1 blocks are still reachable in loss record 17 of 24
==18848==    at 0x4C2AB80: malloc (in /usr/lib/valgrind/vgpreload_memcheck-amd64-linux.so)
==18848==    by 0x401305: new_list (list.c:25)
==18848==    by 0x4025D7: yyparse (parser.y:90)
==18848==    by 0x4035A5: main (parser.y:218)
==18848== 
==18848== 24 bytes in 1 blocks are still reachable in loss record 18 of 24
==18848==    at 0x4C2AB80: malloc (in /usr/lib/valgrind/vgpreload_memcheck-amd64-linux.so)
==18848==    by 0x401305: new_list (list.c:25)
==18848==    by 0x4027AE: yyparse (parser.y:110)
==18848==    by 0x4035A5: main (parser.y:218)
==18848== 
==18848== 24 bytes in 1 blocks are still reachable in loss record 19 of 24
==18848==    at 0x4C2AB80: malloc (in /usr/lib/valgrind/vgpreload_memcheck-amd64-linux.so)
==18848==    by 0x400CFF: new_node (ast.c:30)
==18848==    by 0x402496: yyparse (parser.y:61)
==18848==    by 0x4035A5: main (parser.y:218)
==18848== 
==18848== 24 bytes in 1 blocks are still reachable in loss record 20 of 24
==18848==    at 0x4C2AB80: malloc (in /usr/lib/valgrind/vgpreload_memcheck-amd64-linux.so)
==18848==    by 0x401305: new_list (list.c:25)
==18848==    by 0x402424: yyparse (parser.y:57)
==18848==    by 0x4035A5: main (parser.y:218)
==18848== 
==18848== 40 bytes in 1 blocks are still reachable in loss record 21 of 24
==18848==    at 0x4C2AB80: malloc (in /usr/lib/valgrind/vgpreload_memcheck-amd64-linux.so)
==18848==    by 0x405143: new_symbol (table.c:83)
==18848==    by 0x4055B7: add_scalar (table.c:236)
==18848==    by 0x40262F: yyparse (parser.y:94)
==18848==    by 0x4035A5: main (parser.y:218)
==18848== 
==18848== 40 bytes in 1 blocks are still reachable in loss record 22 of 24
==18848==    at 0x4C2AB80: malloc (in /usr/lib/valgrind/vgpreload_memcheck-amd64-linux.so)
==18848==    by 0x405143: new_symbol (table.c:83)
==18848==    by 0x40553D: add_function (table.c:220)
==18848==    by 0x4024E6: yyparse (parser.y:65)
==18848==    by 0x4035A5: main (parser.y:218)
==18848== 
==18848== 64 bytes in 1 blocks are still reachable in loss record 23 of 24
==18848==    at 0x4C2AB80: malloc (in /usr/lib/valgrind/vgpreload_memcheck-amd64-linux.so)
==18848==    by 0x405036: yyalloc (scanner.c:1978)
==18848==    by 0x4046DC: yy_create_buffer (scanner.c:1510)
==18848==    by 0x4036A4: yylex (scanner.c:761)
==18848==    by 0x40216F: yyparse (parser.c:1478)
==18848==    by 0x4035A5: main (parser.y:218)
==18848== 
==18848== 16,386 bytes in 1 blocks are still reachable in loss record 24 of 24
==18848==    at 0x4C2AB80: malloc (in /usr/lib/valgrind/vgpreload_memcheck-amd64-linux.so)
==18848==    by 0x405036: yyalloc (scanner.c:1978)
==18848==    by 0x404713: yy_create_buffer (scanner.c:1519)
==18848==    by 0x4036A4: yylex (scanner.c:761)
==18848==    by 0x40216F: yyparse (parser.c:1478)
==18848==    by 0x4035A5: main (parser.y:218)
==18848== 
==18848== LEAK SUMMARY:
==18848==    definitely lost: 0 bytes in 0 blocks
==18848==    indirectly lost: 0 bytes in 0 blocks
==18848==      possibly lost: 0 bytes in 0 blocks
==18848==    still reachable: 16,852 bytes in 26 blocks
==18848==         suppressed: 0 bytes in 0 blocks
==18848== 
==18848== For counts of detected and suppressed errors, rerun with: -v
==18848== ERROR SUMMARY: 0 errors from 0 contexts (suppressed: 0 from 0)
