==18854== Memcheck, a memory error detector
==18854== Copyright (C) 2002-2013, and GNU GPL'd, by Julian Seward et al.
==18854== Using Valgrind-3.10.1 and LibVEX; rerun with -h for copyright info
==18854== Command: ./trab3
==18854== 
PARSE ERROR (3): syntax error, unexpected INPUT, expecting ID
==18854== 
==18854== HEAP SUMMARY:
==18854==     in use at exit: 16,522 bytes in 6 blocks
==18854==   total heap usage: 6 allocs, 0 frees, 16,522 bytes allocated
==18854== 
==18854== 8 bytes in 1 blocks are still reachable in loss record 1 of 6
==18854==    at 0x4C2AB80: malloc (in /usr/lib/valgrind/vgpreload_memcheck-amd64-linux.so)
==18854==    by 0x405036: yyalloc (scanner.c:1978)
==18854==    by 0x404B43: yyensure_buffer_stack (scanner.c:1675)
==18854==    by 0x40367A: yylex (scanner.c:759)
==18854==    by 0x40216F: yyparse (parser.c:1478)
==18854==    by 0x4035A5: main (parser.y:218)
==18854== 
==18854== 16 bytes in 1 blocks are still reachable in loss record 2 of 6
==18854==    at 0x4C2AB80: malloc (in /usr/lib/valgrind/vgpreload_memcheck-amd64-linux.so)
==18854==    by 0x405089: new_table (table.c:61)
==18854==    by 0x403599: main (parser.y:216)
==18854== 
==18854== 24 bytes in 1 blocks are still reachable in loss record 3 of 6
==18854==    at 0x4C2AB80: malloc (in /usr/lib/valgrind/vgpreload_memcheck-amd64-linux.so)
==18854==    by 0x401305: new_list (list.c:25)
==18854==    by 0x4050C1: new_table (table.c:63)
==18854==    by 0x403599: main (parser.y:216)
==18854== 
==18854== 24 bytes in 1 blocks are still reachable in loss record 4 of 6
==18854==    at 0x4C2AB80: malloc (in /usr/lib/valgrind/vgpreload_memcheck-amd64-linux.so)
==18854==    by 0x401305: new_list (list.c:25)
==18854==    by 0x4050CD: new_table (table.c:64)
==18854==    by 0x403599: main (parser.y:216)
==18854== 
==18854== 64 bytes in 1 blocks are still reachable in loss record 5 of 6
==18854==    at 0x4C2AB80: malloc (in /usr/lib/valgrind/vgpreload_memcheck-amd64-linux.so)
==18854==    by 0x405036: yyalloc (scanner.c:1978)
==18854==    by 0x4046DC: yy_create_buffer (scanner.c:1510)
==18854==    by 0x4036A4: yylex (scanner.c:761)
==18854==    by 0x40216F: yyparse (parser.c:1478)
==18854==    by 0x4035A5: main (parser.y:218)
==18854== 
==18854== 16,386 bytes in 1 blocks are still reachable in loss record 6 of 6
==18854==    at 0x4C2AB80: malloc (in /usr/lib/valgrind/vgpreload_memcheck-amd64-linux.so)
==18854==    by 0x405036: yyalloc (scanner.c:1978)
==18854==    by 0x404713: yy_create_buffer (scanner.c:1519)
==18854==    by 0x4036A4: yylex (scanner.c:761)
==18854==    by 0x40216F: yyparse (parser.c:1478)
==18854==    by 0x4035A5: main (parser.y:218)
==18854== 
==18854== LEAK SUMMARY:
==18854==    definitely lost: 0 bytes in 0 blocks
==18854==    indirectly lost: 0 bytes in 0 blocks
==18854==      possibly lost: 0 bytes in 0 blocks
==18854==    still reachable: 16,522 bytes in 6 blocks
==18854==         suppressed: 0 bytes in 0 blocks
==18854== 
==18854== For counts of detected and suppressed errors, rerun with: -v
==18854== ERROR SUMMARY: 0 errors from 0 contexts (suppressed: 0 from 0)
