==18872== Memcheck, a memory error detector
==18872== Copyright (C) 2002-2013, and GNU GPL'd, by Julian Seward et al.
==18872== Using Valgrind-3.10.1 and LibVEX; rerun with -h for copyright info
==18872== Command: ./trab3
==18872== 
SEMANTIC ERROR (7): function 'factorial' was not declared.
==18872== 
==18872== HEAP SUMMARY:
==18872==     in use at exit: 16,965 bytes in 33 blocks
==18872==   total heap usage: 36 allocs, 3 frees, 16,971 bytes allocated
==18872== 
==18872== 0 bytes in 1 blocks are still reachable in loss record 1 of 24
==18872==    at 0x4C2AB80: malloc (in /usr/lib/valgrind/vgpreload_memcheck-amd64-linux.so)
==18872==    by 0x400CFF: new_node (ast.c:30)
==18872==    by 0x402B54: yyparse (parser.y:156)
==18872==    by 0x4035A5: main (parser.y:218)
==18872== 
==18872== 8 bytes in 1 blocks are still reachable in loss record 2 of 24
==18872==    at 0x4C2AB80: malloc (in /usr/lib/valgrind/vgpreload_memcheck-amd64-linux.so)
==18872==    by 0x405036: yyalloc (scanner.c:1978)
==18872==    by 0x404B43: yyensure_buffer_stack (scanner.c:1675)
==18872==    by 0x40367A: yylex (scanner.c:759)
==18872==    by 0x40216F: yyparse (parser.c:1478)
==18872==    by 0x4035A5: main (parser.y:218)
==18872== 
==18872== 16 bytes in 1 blocks are still reachable in loss record 3 of 24
==18872==    at 0x4C2AB80: malloc (in /usr/lib/valgrind/vgpreload_memcheck-amd64-linux.so)
==18872==    by 0x405089: new_table (table.c:61)
==18872==    by 0x403599: main (parser.y:216)
==18872== 
==18872== 16 bytes in 1 blocks are still reachable in loss record 4 of 24
==18872==    at 0x4C2AB80: malloc (in /usr/lib/valgrind/vgpreload_memcheck-amd64-linux.so)
==18872==    by 0x401394: new_node (list.c:44)
==18872==    by 0x401400: append (list.c:55)
==18872==    by 0x40556D: add_function (table.c:224)
==18872==    by 0x4024E6: yyparse (parser.y:65)
==18872==    by 0x4035A5: main (parser.y:218)
==18872== 
==18872== 16 bytes in 1 blocks are still reachable in loss record 5 of 24
==18872==    at 0x4C2AB80: malloc (in /usr/lib/valgrind/vgpreload_memcheck-amd64-linux.so)
==18872==    by 0x401394: new_node (list.c:44)
==18872==    by 0x401400: append (list.c:55)
==18872==    by 0x4026D1: yyparse (parser.y:100)
==18872==    by 0x4035A5: main (parser.y:218)
==18872== 
==18872== 16 bytes in 1 blocks are still reachable in loss record 6 of 24
==18872==    at 0x4C2AB80: malloc (in /usr/lib/valgrind/vgpreload_memcheck-amd64-linux.so)
==18872==    by 0x401394: new_node (list.c:44)
==18872==    by 0x401400: append (list.c:55)
==18872==    by 0x402692: yyparse (parser.y:99)
==18872==    by 0x4035A5: main (parser.y:218)
==18872== 
==18872== 16 bytes in 1 blocks are still reachable in loss record 7 of 24
==18872==    at 0x4C2AB80: malloc (in /usr/lib/valgrind/vgpreload_memcheck-amd64-linux.so)
==18872==    by 0x400C8E: new_node (ast.c:24)
==18872==    by 0x402B54: yyparse (parser.y:156)
==18872==    by 0x4035A5: main (parser.y:218)
==18872== 
==18872== 16 bytes in 1 blocks are still reachable in loss record 8 of 24
==18872==    at 0x4C2AB80: malloc (in /usr/lib/valgrind/vgpreload_memcheck-amd64-linux.so)
==18872==    by 0x400C8E: new_node (ast.c:24)
==18872==    by 0x402881: yyparse (parser.y:122)
==18872==    by 0x4035A5: main (parser.y:218)
==18872== 
==18872== 16 bytes in 1 blocks are still reachable in loss record 9 of 24
==18872==    at 0x4C2AB80: malloc (in /usr/lib/valgrind/vgpreload_memcheck-amd64-linux.so)
==18872==    by 0x400CFF: new_node (ast.c:30)
==18872==    by 0x402881: yyparse (parser.y:122)
==18872==    by 0x4035A5: main (parser.y:218)
==18872== 
==18872== 16 bytes in 1 blocks are still reachable in loss record 10 of 24
==18872==    at 0x4C2AB80: malloc (in /usr/lib/valgrind/vgpreload_memcheck-amd64-linux.so)
==18872==    by 0x401394: new_node (list.c:44)
==18872==    by 0x401400: append (list.c:55)
==18872==    by 0x4027D1: yyparse (parser.y:110)
==18872==    by 0x4035A5: main (parser.y:218)
==18872== 
==18872== 16 bytes in 1 blocks are still reachable in loss record 11 of 24
==18872==    at 0x4C2AB80: malloc (in /usr/lib/valgrind/vgpreload_memcheck-amd64-linux.so)
==18872==    by 0x401394: new_node (list.c:44)
==18872==    by 0x401400: append (list.c:55)
==18872==    by 0x402CD6: yyparse (parser.y:178)
==18872==    by 0x4035A5: main (parser.y:218)
==18872== 
==18872== 19 bytes in 4 blocks are still reachable in loss record 12 of 24
==18872==    at 0x4C2AB80: malloc (in /usr/lib/valgrind/vgpreload_memcheck-amd64-linux.so)
==18872==    by 0x4EBFB49: strdup (strdup.c:42)
==18872==    by 0x4039ED: yylex (scanner.l:59)
==18872==    by 0x40216F: yyparse (parser.c:1478)
==18872==    by 0x4035A5: main (parser.y:218)
==18872== 
==18872== 24 bytes in 1 blocks are still reachable in loss record 13 of 24
==18872==    at 0x4C2AB80: malloc (in /usr/lib/valgrind/vgpreload_memcheck-amd64-linux.so)
==18872==    by 0x401305: new_list (list.c:25)
==18872==    by 0x4050C1: new_table (table.c:63)
==18872==    by 0x403599: main (parser.y:216)
==18872== 
==18872== 24 bytes in 1 blocks are still reachable in loss record 14 of 24
==18872==    at 0x4C2AB80: malloc (in /usr/lib/valgrind/vgpreload_memcheck-amd64-linux.so)
==18872==    by 0x401305: new_list (list.c:25)
==18872==    by 0x4050CD: new_table (table.c:64)
==18872==    by 0x403599: main (parser.y:216)
==18872== 
==18872== 24 bytes in 1 blocks are still reachable in loss record 15 of 24
==18872==    at 0x4C2AB80: malloc (in /usr/lib/valgrind/vgpreload_memcheck-amd64-linux.so)
==18872==    by 0x401305: new_list (list.c:25)
==18872==    by 0x4026AE: yyparse (parser.y:100)
==18872==    by 0x4035A5: main (parser.y:218)
==18872== 
==18872== 24 bytes in 1 blocks are still reachable in loss record 16 of 24
==18872==    at 0x4C2AB80: malloc (in /usr/lib/valgrind/vgpreload_memcheck-amd64-linux.so)
==18872==    by 0x401305: new_list (list.c:25)
==18872==    by 0x4027AE: yyparse (parser.y:110)
==18872==    by 0x4035A5: main (parser.y:218)
==18872== 
==18872== 24 bytes in 1 blocks are still reachable in loss record 17 of 24
==18872==    at 0x4C2AB80: malloc (in /usr/lib/valgrind/vgpreload_memcheck-amd64-linux.so)
==18872==    by 0x401305: new_list (list.c:25)
==18872==    by 0x402CB3: yyparse (parser.y:178)
==18872==    by 0x4035A5: main (parser.y:218)
==18872== 
==18872== 24 bytes in 3 blocks are still reachable in loss record 18 of 24
==18872==    at 0x4C2AB80: malloc (in /usr/lib/valgrind/vgpreload_memcheck-amd64-linux.so)
==18872==    by 0x400CFF: new_node (ast.c:30)
==18872==    by 0x4028C6: yyparse (parser.y:126)
==18872==    by 0x4035A5: main (parser.y:218)
==18872== 
==18872== 32 bytes in 2 blocks are still reachable in loss record 19 of 24
==18872==    at 0x4C2AB80: malloc (in /usr/lib/valgrind/vgpreload_memcheck-amd64-linux.so)
==18872==    by 0x401394: new_node (list.c:44)
==18872==    by 0x401400: append (list.c:55)
==18872==    by 0x4055E2: add_scalar (table.c:239)
==18872==    by 0x40270A: yyparse (parser.y:104)
==18872==    by 0x4035A5: main (parser.y:218)
==18872== 
==18872== 40 bytes in 1 blocks are still reachable in loss record 20 of 24
==18872==    at 0x4C2AB80: malloc (in /usr/lib/valgrind/vgpreload_memcheck-amd64-linux.so)
==18872==    by 0x405143: new_symbol (table.c:83)
==18872==    by 0x40553D: add_function (table.c:220)
==18872==    by 0x4024E6: yyparse (parser.y:65)
==18872==    by 0x4035A5: main (parser.y:218)
==18872== 
==18872== 48 bytes in 3 blocks are still reachable in loss record 21 of 24
==18872==    at 0x4C2AB80: malloc (in /usr/lib/valgrind/vgpreload_memcheck-amd64-linux.so)
==18872==    by 0x400C8E: new_node (ast.c:24)
==18872==    by 0x4028C6: yyparse (parser.y:126)
==18872==    by 0x4035A5: main (parser.y:218)
==18872== 
==18872== 64 bytes in 1 blocks are still reachable in loss record 22 of 24
==18872==    at 0x4C2AB80: malloc (in /usr/lib/valgrind/vgpreload_memcheck-amd64-linux.so)
==18872==    by 0x405036: yyalloc (scanner.c:1978)
==18872==    by 0x4046DC: yy_create_buffer (scanner.c:1510)
==18872==    by 0x4036A4: yylex (scanner.c:761)
==18872==    by 0x40216F: yyparse (parser.c:1478)
==18872==    by 0x4035A5: main (parser.y:218)
==18872== 
==18872== 80 bytes in 2 blocks are still reachable in loss record 23 of 24
==18872==    at 0x4C2AB80: malloc (in /usr/lib/valgrind/vgpreload_memcheck-amd64-linux.so)
==18872==    by 0x405143: new_symbol (table.c:83)
==18872==    by 0x4055B7: add_scalar (table.c:236)
==18872==    by 0x40270A: yyparse (parser.y:104)
==18872==    by 0x4035A5: main (parser.y:218)
==18872== 
==18872== 16,386 bytes in 1 blocks are still reachable in loss record 24 of 24
==18872==    at 0x4C2AB80: malloc (in /usr/lib/valgrind/vgpreload_memcheck-amd64-linux.so)
==18872==    by 0x405036: yyalloc (scanner.c:1978)
==18872==    by 0x404713: yy_create_buffer (scanner.c:1519)
==18872==    by 0x4036A4: yylex (scanner.c:761)
==18872==    by 0x40216F: yyparse (parser.c:1478)
==18872==    by 0x4035A5: main (parser.y:218)
==18872== 
==18872== LEAK SUMMARY:
==18872==    definitely lost: 0 bytes in 0 blocks
==18872==    indirectly lost: 0 bytes in 0 blocks
==18872==      possibly lost: 0 bytes in 0 blocks
==18872==    still reachable: 16,965 bytes in 33 blocks
==18872==         suppressed: 0 bytes in 0 blocks
==18872== 
==18872== For counts of detected and suppressed errors, rerun with: -v
==18872== ERROR SUMMARY: 0 errors from 0 contexts (suppressed: 0 from 0)
