==18903== Memcheck, a memory error detector
==18903== Copyright (C) 2002-2013, and GNU GPL'd, by Julian Seward et al.
==18903== Using Valgrind-3.10.1 and LibVEX; rerun with -h for copyright info
==18903== Command: ./trab3
==18903== 
PARSE ERROR (4): syntax error, unexpected STRING, expecting INPUT or LPAREN or NUM or ID
==18903== 
==18903== HEAP SUMMARY:
==18903==     in use at exit: 16,594 bytes in 10 blocks
==18903==   total heap usage: 10 allocs, 0 frees, 16,594 bytes allocated
==18903== 
==18903== 5 bytes in 1 blocks are still reachable in loss record 1 of 10
==18903==    at 0x4C2AB80: malloc (in /usr/lib/valgrind/vgpreload_memcheck-amd64-linux.so)
==18903==    by 0x4EBFB49: strdup (strdup.c:42)
==18903==    by 0x4039ED: yylex (scanner.l:59)
==18903==    by 0x40216F: yyparse (parser.c:1478)
==18903==    by 0x4035A5: main (parser.y:218)
==18903== 
==18903== 8 bytes in 1 blocks are still reachable in loss record 2 of 10
==18903==    at 0x4C2AB80: malloc (in /usr/lib/valgrind/vgpreload_memcheck-amd64-linux.so)
==18903==    by 0x405036: yyalloc (scanner.c:1978)
==18903==    by 0x404B43: yyensure_buffer_stack (scanner.c:1675)
==18903==    by 0x40367A: yylex (scanner.c:759)
==18903==    by 0x40216F: yyparse (parser.c:1478)
==18903==    by 0x4035A5: main (parser.y:218)
==18903== 
==18903== 11 bytes in 1 blocks are still reachable in loss record 3 of 10
==18903==    at 0x4C2AB80: malloc (in /usr/lib/valgrind/vgpreload_memcheck-amd64-linux.so)
==18903==    by 0x4EBFB49: strdup (strdup.c:42)
==18903==    by 0x403A0D: yylex (scanner.l:60)
==18903==    by 0x40216F: yyparse (parser.c:1478)
==18903==    by 0x4035A5: main (parser.y:218)
==18903== 
==18903== 16 bytes in 1 blocks are still reachable in loss record 4 of 10
==18903==    at 0x4C2AB80: malloc (in /usr/lib/valgrind/vgpreload_memcheck-amd64-linux.so)
==18903==    by 0x405089: new_table (table.c:61)
==18903==    by 0x403599: main (parser.y:216)
==18903== 
==18903== 16 bytes in 1 blocks are still reachable in loss record 5 of 10
==18903==    at 0x4C2AB80: malloc (in /usr/lib/valgrind/vgpreload_memcheck-amd64-linux.so)
==18903==    by 0x401394: new_node (list.c:44)
==18903==    by 0x401400: append (list.c:55)
==18903==    by 0x40556D: add_function (table.c:224)
==18903==    by 0x4024E6: yyparse (parser.y:65)
==18903==    by 0x4035A5: main (parser.y:218)
==18903== 
==18903== 24 bytes in 1 blocks are still reachable in loss record 6 of 10
==18903==    at 0x4C2AB80: malloc (in /usr/lib/valgrind/vgpreload_memcheck-amd64-linux.so)
==18903==    by 0x401305: new_list (list.c:25)
==18903==    by 0x4050C1: new_table (table.c:63)
==18903==    by 0x403599: main (parser.y:216)
==18903== 
==18903== 24 bytes in 1 blocks are still reachable in loss record 7 of 10
==18903==    at 0x4C2AB80: malloc (in /usr/lib/valgrind/vgpreload_memcheck-amd64-linux.so)
==18903==    by 0x401305: new_list (list.c:25)
==18903==    by 0x4050CD: new_table (table.c:64)
==18903==    by 0x403599: main (parser.y:216)
==18903== 
==18903== 40 bytes in 1 blocks are still reachable in loss record 8 of 10
==18903==    at 0x4C2AB80: malloc (in /usr/lib/valgrind/vgpreload_memcheck-amd64-linux.so)
==18903==    by 0x405143: new_symbol (table.c:83)
==18903==    by 0x40553D: add_function (table.c:220)
==18903==    by 0x4024E6: yyparse (parser.y:65)
==18903==    by 0x4035A5: main (parser.y:218)
==18903== 
==18903== 64 bytes in 1 blocks are still reachable in loss record 9 of 10
==18903==    at 0x4C2AB80: malloc (in /usr/lib/valgrind/vgpreload_memcheck-amd64-linux.so)
==18903==    by 0x405036: yyalloc (scanner.c:1978)
==18903==    by 0x4046DC: yy_create_buffer (scanner.c:1510)
==18903==    by 0x4036A4: yylex (scanner.c:761)
==18903==    by 0x40216F: yyparse (parser.c:1478)
==18903==    by 0x4035A5: main (parser.y:218)
==18903== 
==18903== 16,386 bytes in 1 blocks are still reachable in loss record 10 of 10
==18903==    at 0x4C2AB80: malloc (in /usr/lib/valgrind/vgpreload_memcheck-amd64-linux.so)
==18903==    by 0x405036: yyalloc (scanner.c:1978)
==18903==    by 0x404713: yy_create_buffer (scanner.c:1519)
==18903==    by 0x4036A4: yylex (scanner.c:761)
==18903==    by 0x40216F: yyparse (parser.c:1478)
==18903==    by 0x4035A5: main (parser.y:218)
==18903== 
==18903== LEAK SUMMARY:
==18903==    definitely lost: 0 bytes in 0 blocks
==18903==    indirectly lost: 0 bytes in 0 blocks
==18903==      possibly lost: 0 bytes in 0 blocks
==18903==    still reachable: 16,594 bytes in 10 blocks
==18903==         suppressed: 0 bytes in 0 blocks
==18903== 
==18903== For counts of detected and suppressed errors, rerun with: -v
==18903== ERROR SUMMARY: 0 errors from 0 contexts (suppressed: 0 from 0)
