==18860== Memcheck, a memory error detector
==18860== Copyright (C) 2002-2013, and GNU GPL'd, by Julian Seward et al.
==18860== Using Valgrind-3.10.1 and LibVEX; rerun with -h for copyright info
==18860== Command: ./trab3
==18860== 
SEMANTIC ERROR (4): variable 'x' was not declared.
==18860== 
==18860== HEAP SUMMARY:
==18860==     in use at exit: 16,585 bytes in 10 blocks
==18860==   total heap usage: 10 allocs, 0 frees, 16,585 bytes allocated
==18860== 
==18860== 7 bytes in 2 blocks are still reachable in loss record 1 of 9
==18860==    at 0x4C2AB80: malloc (in /usr/lib/valgrind/vgpreload_memcheck-amd64-linux.so)
==18860==    by 0x4EBFB49: strdup (strdup.c:42)
==18860==    by 0x4039ED: yylex (scanner.l:59)
==18860==    by 0x40216F: yyparse (parser.c:1478)
==18860==    by 0x4035A5: main (parser.y:218)
==18860== 
==18860== 8 bytes in 1 blocks are still reachable in loss record 2 of 9
==18860==    at 0x4C2AB80: malloc (in /usr/lib/valgrind/vgpreload_memcheck-amd64-linux.so)
==18860==    by 0x405036: yyalloc (scanner.c:1978)
==18860==    by 0x404B43: yyensure_buffer_stack (scanner.c:1675)
==18860==    by 0x40367A: yylex (scanner.c:759)
==18860==    by 0x40216F: yyparse (parser.c:1478)
==18860==    by 0x4035A5: main (parser.y:218)
==18860== 
==18860== 16 bytes in 1 blocks are still reachable in loss record 3 of 9
==18860==    at 0x4C2AB80: malloc (in /usr/lib/valgrind/vgpreload_memcheck-amd64-linux.so)
==18860==    by 0x405089: new_table (table.c:61)
==18860==    by 0x403599: main (parser.y:216)
==18860== 
==18860== 16 bytes in 1 blocks are still reachable in loss record 4 of 9
==18860==    at 0x4C2AB80: malloc (in /usr/lib/valgrind/vgpreload_memcheck-amd64-linux.so)
==18860==    by 0x401394: new_node (list.c:44)
==18860==    by 0x401400: append (list.c:55)
==18860==    by 0x40556D: add_function (table.c:224)
==18860==    by 0x4024E6: yyparse (parser.y:65)
==18860==    by 0x4035A5: main (parser.y:218)
==18860== 
==18860== 24 bytes in 1 blocks are still reachable in loss record 5 of 9
==18860==    at 0x4C2AB80: malloc (in /usr/lib/valgrind/vgpreload_memcheck-amd64-linux.so)
==18860==    by 0x401305: new_list (list.c:25)
==18860==    by 0x4050C1: new_table (table.c:63)
==18860==    by 0x403599: main (parser.y:216)
==18860== 
==18860== 24 bytes in 1 blocks are still reachable in loss record 6 of 9
==18860==    at 0x4C2AB80: malloc (in /usr/lib/valgrind/vgpreload_memcheck-amd64-linux.so)
==18860==    by 0x401305: new_list (list.c:25)
==18860==    by 0x4050CD: new_table (table.c:64)
==18860==    by 0x403599: main (parser.y:216)
==18860== 
==18860== 40 bytes in 1 blocks are still reachable in loss record 7 of 9
==18860==    at 0x4C2AB80: malloc (in /usr/lib/valgrind/vgpreload_memcheck-amd64-linux.so)
==18860==    by 0x405143: new_symbol (table.c:83)
==18860==    by 0x40553D: add_function (table.c:220)
==18860==    by 0x4024E6: yyparse (parser.y:65)
==18860==    by 0x4035A5: main (parser.y:218)
==18860== 
==18860== 64 bytes in 1 blocks are still reachable in loss record 8 of 9
==18860==    at 0x4C2AB80: malloc (in /usr/lib/valgrind/vgpreload_memcheck-amd64-linux.so)
==18860==    by 0x405036: yyalloc (scanner.c:1978)
==18860==    by 0x4046DC: yy_create_buffer (scanner.c:1510)
==18860==    by 0x4036A4: yylex (scanner.c:761)
==18860==    by 0x40216F: yyparse (parser.c:1478)
==18860==    by 0x4035A5: main (parser.y:218)
==18860== 
==18860== 16,386 bytes in 1 blocks are still reachable in loss record 9 of 9
==18860==    at 0x4C2AB80: malloc (in /usr/lib/valgrind/vgpreload_memcheck-amd64-linux.so)
==18860==    by 0x405036: yyalloc (scanner.c:1978)
==18860==    by 0x404713: yy_create_buffer (scanner.c:1519)
==18860==    by 0x4036A4: yylex (scanner.c:761)
==18860==    by 0x40216F: yyparse (parser.c:1478)
==18860==    by 0x4035A5: main (parser.y:218)
==18860== 
==18860== LEAK SUMMARY:
==18860==    definitely lost: 0 bytes in 0 blocks
==18860==    indirectly lost: 0 bytes in 0 blocks
==18860==      possibly lost: 0 bytes in 0 blocks
==18860==    still reachable: 16,585 bytes in 10 blocks
==18860==         suppressed: 0 bytes in 0 blocks
==18860== 
==18860== For counts of detected and suppressed errors, rerun with: -v
==18860== ERROR SUMMARY: 0 errors from 0 contexts (suppressed: 0 from 0)
