==18866== Memcheck, a memory error detector
==18866== Copyright (C) 2002-2013, and GNU GPL'd, by Julian Seward et al.
==18866== Using Valgrind-3.10.1 and LibVEX; rerun with -h for copyright info
==18866== Command: ./trab3
==18866== 
SEMANTIC ERROR (5): variable 'y' was not declared.
==18866== 
==18866== HEAP SUMMARY:
==18866==     in use at exit: 16,707 bytes in 17 blocks
==18866==   total heap usage: 18 allocs, 1 frees, 16,709 bytes allocated
==18866== 
==18866== 8 bytes in 1 blocks are still reachable in loss record 1 of 15
==18866==    at 0x4C2AB80: malloc (in /usr/lib/valgrind/vgpreload_memcheck-amd64-linux.so)
==18866==    by 0x405036: yyalloc (scanner.c:1978)
==18866==    by 0x404B43: yyensure_buffer_stack (scanner.c:1675)
==18866==    by 0x40367A: yylex (scanner.c:759)
==18866==    by 0x40216F: yyparse (parser.c:1478)
==18866==    by 0x4035A5: main (parser.y:218)
==18866== 
==18866== 8 bytes in 1 blocks are still reachable in loss record 2 of 15
==18866==    at 0x4C2AB80: malloc (in /usr/lib/valgrind/vgpreload_memcheck-amd64-linux.so)
==18866==    by 0x400CFF: new_node (ast.c:30)
==18866==    by 0x4028C6: yyparse (parser.y:126)
==18866==    by 0x4035A5: main (parser.y:218)
==18866== 
==18866== 9 bytes in 3 blocks are still reachable in loss record 3 of 15
==18866==    at 0x4C2AB80: malloc (in /usr/lib/valgrind/vgpreload_memcheck-amd64-linux.so)
==18866==    by 0x4EBFB49: strdup (strdup.c:42)
==18866==    by 0x4039ED: yylex (scanner.l:59)
==18866==    by 0x40216F: yyparse (parser.c:1478)
==18866==    by 0x4035A5: main (parser.y:218)
==18866== 
==18866== 16 bytes in 1 blocks are still reachable in loss record 4 of 15
==18866==    at 0x4C2AB80: malloc (in /usr/lib/valgrind/vgpreload_memcheck-amd64-linux.so)
==18866==    by 0x405089: new_table (table.c:61)
==18866==    by 0x403599: main (parser.y:216)
==18866== 
==18866== 16 bytes in 1 blocks are still reachable in loss record 5 of 15
==18866==    at 0x4C2AB80: malloc (in /usr/lib/valgrind/vgpreload_memcheck-amd64-linux.so)
==18866==    by 0x401394: new_node (list.c:44)
==18866==    by 0x401400: append (list.c:55)
==18866==    by 0x40556D: add_function (table.c:224)
==18866==    by 0x4024E6: yyparse (parser.y:65)
==18866==    by 0x4035A5: main (parser.y:218)
==18866== 
==18866== 16 bytes in 1 blocks are still reachable in loss record 6 of 15
==18866==    at 0x4C2AB80: malloc (in /usr/lib/valgrind/vgpreload_memcheck-amd64-linux.so)
==18866==    by 0x401394: new_node (list.c:44)
==18866==    by 0x401400: append (list.c:55)
==18866==    by 0x4055E2: add_scalar (table.c:239)
==18866==    by 0x40270A: yyparse (parser.y:104)
==18866==    by 0x4035A5: main (parser.y:218)
==18866== 
==18866== 16 bytes in 1 blocks are still reachable in loss record 7 of 15
==18866==    at 0x4C2AB80: malloc (in /usr/lib/valgrind/vgpreload_memcheck-amd64-linux.so)
==18866==    by 0x401394: new_node (list.c:44)
==18866==    by 0x401400: append (list.c:55)
==18866==    by 0x4026D1: yyparse (parser.y:100)
==18866==    by 0x4035A5: main (parser.y:218)
==18866== 
==18866== 16 bytes in 1 blocks are still reachable in loss record 8 of 15
==18866==    at 0x4C2AB80: malloc (in /usr/lib/valgrind/vgpreload_memcheck-amd64-linux.so)
==18866==    by 0x400C8E: new_node (ast.c:24)
==18866==    by 0x4028C6: yyparse (parser.y:126)
==18866==    by 0x4035A5: main (parser.y:218)
==18866== 
==18866== 24 bytes in 1 blocks are still reachable in loss record 9 of 15
==18866==    at 0x4C2AB80: malloc (in /usr/lib/valgrind/vgpreload_memcheck-amd64-linux.so)
==18866==    by 0x401305: new_list (list.c:25)
==18866==    by 0x4050C1: new_table (table.c:63)
==18866==    by 0x403599: main (parser.y:216)
==18866== 
==18866== 24 bytes in 1 blocks are still reachable in loss record 10 of 15
==18866==    at 0x4C2AB80: malloc (in /usr/lib/valgrind/vgpreload_memcheck-amd64-linux.so)
==18866==    by 0x401305: new_list (list.c:25)
==18866==    by 0x4050CD: new_table (table.c:64)
==18866==    by 0x403599: main (parser.y:216)
==18866== 
==18866== 24 bytes in 1 blocks are still reachable in loss record 11 of 15
==18866==    at 0x4C2AB80: malloc (in /usr/lib/valgrind/vgpreload_memcheck-amd64-linux.so)
==18866==    by 0x401305: new_list (list.c:25)
==18866==    by 0x4026AE: yyparse (parser.y:100)
==18866==    by 0x4035A5: main (parser.y:218)
==18866== 
==18866== 40 bytes in 1 blocks are still reachable in loss record 12 of 15
==18866==    at 0x4C2AB80: malloc (in /usr/lib/valgrind/vgpreload_memcheck-amd64-linux.so)
==18866==    by 0x405143: new_symbol (table.c:83)
==18866==    by 0x40553D: add_function (table.c:220)
==18866==    by 0x4024E6: yyparse (parser.y:65)
==18866==    by 0x4035A5: main (parser.y:218)
==18866== 
==18866== 40 bytes in 1 blocks are still reachable in loss record 13 of 15
==18866==    at 0x4C2AB80: malloc (in /usr/lib/valgrind/vgpreload_memcheck-amd64-linux.so)
==18866==    by 0x405143: new_symbol (table.c:83)
==18866==    by 0x4055B7: add_scalar (table.c:236)
==18866==    by 0x40270A: yyparse (parser.y:104)
==18866==    by 0x4035A5: main (parser.y:218)
==18866== 
==18866== 64 bytes in 1 blocks are still reachable in loss record 14 of 15
==18866==    at 0x4C2AB80: malloc (in /usr/lib/valgrind/vgpreload_memcheck-amd64-linux.so)
==18866==    by 0x405036: yyalloc (scanner.c:1978)
==18866==    by 0x4046DC: yy_create_buffer (scanner.c:1510)
==18866==    by 0x4036A4: yylex (scanner.c:761)
==18866==    by 0x40216F: yyparse (parser.c:1478)
==18866==    by 0x4035A5: main (parser.y:218)
==18866== 
==18866== 16,386 bytes in 1 blocks are still reachable in loss record 15 of 15
==18866==    at 0x4C2AB80: malloc (in /usr/lib/valgrind/vgpreload_memcheck-amd64-linux.so)
==18866==    by 0x405036: yyalloc (scanner.c:1978)
==18866==    by 0x404713: yy_create_buffer (scanner.c:1519)
==18866==    by 0x4036A4: yylex (scanner.c:761)
==18866==    by 0x40216F: yyparse (parser.c:1478)
==18866==    by 0x4035A5: main (parser.y:218)
==18866== 
==18866== LEAK SUMMARY:
==18866==    definitely lost: 0 bytes in 0 blocks
==18866==    indirectly lost: 0 bytes in 0 blocks
==18866==      possibly lost: 0 bytes in 0 blocks
==18866==    still reachable: 16,707 bytes in 17 blocks
==18866==         suppressed: 0 bytes in 0 blocks
==18866== 
==18866== For counts of detected and suppressed errors, rerun with: -v
==18866== ERROR SUMMARY: 0 errors from 0 contexts (suppressed: 0 from 0)
