==18836== Memcheck, a memory error detector
==18836== Copyright (C) 2002-2013, and GNU GPL'd, by Julian Seward et al.
==18836== Using Valgrind-3.10.1 and LibVEX; rerun with -h for copyright info
==18836== Command: ./trab3
==18836== 
PARSE SUCCESSFUL!
==18836== 
==18836== HEAP SUMMARY:
==18836==     in use at exit: 16,458 bytes in 3 blocks
==18836==   total heap usage: 36 allocs, 33 frees, 17,065 bytes allocated
==18836== 
==18836== 8 bytes in 1 blocks are still reachable in loss record 1 of 3
==18836==    at 0x4C2AB80: malloc (in /usr/lib/valgrind/vgpreload_memcheck-amd64-linux.so)
==18836==    by 0x405036: yyalloc (scanner.c:1978)
==18836==    by 0x404B43: yyensure_buffer_stack (scanner.c:1675)
==18836==    by 0x40367A: yylex (scanner.c:759)
==18836==    by 0x40216F: yyparse (parser.c:1478)
==18836==    by 0x4035A5: main (parser.y:218)
==18836== 
==18836== 64 bytes in 1 blocks are still reachable in loss record 2 of 3
==18836==    at 0x4C2AB80: malloc (in /usr/lib/valgrind/vgpreload_memcheck-amd64-linux.so)
==18836==    by 0x405036: yyalloc (scanner.c:1978)
==18836==    by 0x4046DC: yy_create_buffer (scanner.c:1510)
==18836==    by 0x4036A4: yylex (scanner.c:761)
==18836==    by 0x40216F: yyparse (parser.c:1478)
==18836==    by 0x4035A5: main (parser.y:218)
==18836== 
==18836== 16,386 bytes in 1 blocks are still reachable in loss record 3 of 3
==18836==    at 0x4C2AB80: malloc (in /usr/lib/valgrind/vgpreload_memcheck-amd64-linux.so)
==18836==    by 0x405036: yyalloc (scanner.c:1978)
==18836==    by 0x404713: yy_create_buffer (scanner.c:1519)
==18836==    by 0x4036A4: yylex (scanner.c:761)
==18836==    by 0x40216F: yyparse (parser.c:1478)
==18836==    by 0x4035A5: main (parser.y:218)
==18836== 
==18836== LEAK SUMMARY:
==18836==    definitely lost: 0 bytes in 0 blocks
==18836==    indirectly lost: 0 bytes in 0 blocks
==18836==      possibly lost: 0 bytes in 0 blocks
==18836==    still reachable: 16,458 bytes in 3 blocks
==18836==         suppressed: 0 bytes in 0 blocks
==18836== 
==18836== For counts of detected and suppressed errors, rerun with: -v
==18836== ERROR SUMMARY: 0 errors from 0 contexts (suppressed: 0 from 0)
