==18897== Memcheck, a memory error detector
==18897== Copyright (C) 2002-2013, and GNU GPL'd, by Julian Seward et al.
==18897== Using Valgrind-3.10.1 and LibVEX; rerun with -h for copyright info
==18897== Command: ./trab3
==18897== 
PARSE ERROR (6): syntax error, unexpected ID, expecting STRING
==18897== 
==18897== HEAP SUMMARY:
==18897==     in use at exit: 16,795 bytes in 23 blocks
==18897==   total heap usage: 24 allocs, 1 frees, 16,797 bytes allocated
==18897== 
==18897== 0 bytes in 1 blocks are still reachable in loss record 1 of 21
==18897==    at 0x4C2AB80: malloc (in /usr/lib/valgrind/vgpreload_memcheck-amd64-linux.so)
==18897==    by 0x400CFF: new_node (ast.c:30)
==18897==    by 0x402B54: yyparse (parser.y:156)
==18897==    by 0x4035A5: main (parser.y:218)
==18897== 
==18897== 8 bytes in 1 blocks are still reachable in loss record 2 of 21
==18897==    at 0x4C2AB80: malloc (in /usr/lib/valgrind/vgpreload_memcheck-amd64-linux.so)
==18897==    by 0x405036: yyalloc (scanner.c:1978)
==18897==    by 0x404B43: yyensure_buffer_stack (scanner.c:1675)
==18897==    by 0x40367A: yylex (scanner.c:759)
==18897==    by 0x40216F: yyparse (parser.c:1478)
==18897==    by 0x4035A5: main (parser.y:218)
==18897== 
==18897== 8 bytes in 1 blocks are still reachable in loss record 3 of 21
==18897==    at 0x4C2AB80: malloc (in /usr/lib/valgrind/vgpreload_memcheck-amd64-linux.so)
==18897==    by 0x400CFF: new_node (ast.c:30)
==18897==    by 0x4028C6: yyparse (parser.y:126)
==18897==    by 0x4035A5: main (parser.y:218)
==18897== 
==18897== 9 bytes in 3 blocks are still reachable in loss record 4 of 21
==18897==    at 0x4C2AB80: malloc (in /usr/lib/valgrind/vgpreload_memcheck-amd64-linux.so)
==18897==    by 0x4EBFB49: strdup (strdup.c:42)
==18897==    by 0x4039ED: yylex (scanner.l:59)
==18897==    by 0x40216F: yyparse (parser.c:1478)
==18897==    by 0x4035A5: main (parser.y:218)
==18897== 
==18897== 16 bytes in 1 blocks are still reachable in loss record 5 of 21
==18897==    at 0x4C2AB80: malloc (in /usr/lib/valgrind/vgpreload_memcheck-amd64-linux.so)
==18897==    by 0x405089: new_table (table.c:61)
==18897==    by 0x403599: main (parser.y:216)
==18897== 
==18897== 16 bytes in 1 blocks are still reachable in loss record 6 of 21
==18897==    at 0x4C2AB80: malloc (in /usr/lib/valgrind/vgpreload_memcheck-amd64-linux.so)
==18897==    by 0x401394: new_node (list.c:44)
==18897==    by 0x401400: append (list.c:55)
==18897==    by 0x40556D: add_function (table.c:224)
==18897==    by 0x4024E6: yyparse (parser.y:65)
==18897==    by 0x4035A5: main (parser.y:218)
==18897== 
==18897== 16 bytes in 1 blocks are still reachable in loss record 7 of 21
==18897==    at 0x4C2AB80: malloc (in /usr/lib/valgrind/vgpreload_memcheck-amd64-linux.so)
==18897==    by 0x401394: new_node (list.c:44)
==18897==    by 0x401400: append (list.c:55)
==18897==    by 0x4055E2: add_scalar (table.c:239)
==18897==    by 0x40270A: yyparse (parser.y:104)
==18897==    by 0x4035A5: main (parser.y:218)
==18897== 
==18897== 16 bytes in 1 blocks are still reachable in loss record 8 of 21
==18897==    at 0x4C2AB80: malloc (in /usr/lib/valgrind/vgpreload_memcheck-amd64-linux.so)
==18897==    by 0x400C8E: new_node (ast.c:24)
==18897==    by 0x4028C6: yyparse (parser.y:126)
==18897==    by 0x4035A5: main (parser.y:218)
==18897== 
==18897== 16 bytes in 1 blocks are still reachable in loss record 9 of 21
==18897==    at 0x4C2AB80: malloc (in /usr/lib/valgrind/vgpreload_memcheck-amd64-linux.so)
==18897==    by 0x400C8E: new_node (ast.c:24)
==18897==    by 0x402B54: yyparse (parser.y:156)
==18897==    by 0x4035A5: main (parser.y:218)
==18897== 
==18897== 16 bytes in 1 blocks are still reachable in loss record 10 of 21
==18897==    at 0x4C2AB80: malloc (in /usr/lib/valgrind/vgpreload_memcheck-amd64-linux.so)
==18897==    by 0x400C8E: new_node (ast.c:24)
==18897==    by 0x402881: yyparse (parser.y:122)
==18897==    by 0x4035A5: main (parser.y:218)
==18897== 
==18897== 16 bytes in 1 blocks are still reachable in loss record 11 of 21
==18897==    at 0x4C2AB80: malloc (in /usr/lib/valgrind/vgpreload_memcheck-amd64-linux.so)
==18897==    by 0x400CFF: new_node (ast.c:30)
==18897==    by 0x402881: yyparse (parser.y:122)
==18897==    by 0x4035A5: main (parser.y:218)
==18897== 
==18897== 16 bytes in 1 blocks are still reachable in loss record 12 of 21
==18897==    at 0x4C2AB80: malloc (in /usr/lib/valgrind/vgpreload_memcheck-amd64-linux.so)
==18897==    by 0x401394: new_node (list.c:44)
==18897==    by 0x401400: append (list.c:55)
==18897==    by 0x4027D1: yyparse (parser.y:110)
==18897==    by 0x4035A5: main (parser.y:218)
==18897== 
==18897== 16 bytes in 1 blocks are indirectly lost in loss record 13 of 21
==18897==    at 0x4C2AB80: malloc (in /usr/lib/valgrind/vgpreload_memcheck-amd64-linux.so)
==18897==    by 0x401394: new_node (list.c:44)
==18897==    by 0x401400: append (list.c:55)
==18897==    by 0x4026D1: yyparse (parser.y:100)
==18897==    by 0x4035A5: main (parser.y:218)
==18897== 
==18897== 24 bytes in 1 blocks are still reachable in loss record 14 of 21
==18897==    at 0x4C2AB80: malloc (in /usr/lib/valgrind/vgpreload_memcheck-amd64-linux.so)
==18897==    by 0x401305: new_list (list.c:25)
==18897==    by 0x4050C1: new_table (table.c:63)
==18897==    by 0x403599: main (parser.y:216)
==18897== 
==18897== 24 bytes in 1 blocks are still reachable in loss record 15 of 21
==18897==    at 0x4C2AB80: malloc (in /usr/lib/valgrind/vgpreload_memcheck-amd64-linux.so)
==18897==    by 0x401305: new_list (list.c:25)
==18897==    by 0x4050CD: new_table (table.c:64)
==18897==    by 0x403599: main (parser.y:216)
==18897== 
==18897== 24 bytes in 1 blocks are still reachable in loss record 16 of 21
==18897==    at 0x4C2AB80: malloc (in /usr/lib/valgrind/vgpreload_memcheck-amd64-linux.so)
==18897==    by 0x401305: new_list (list.c:25)
==18897==    by 0x4027AE: yyparse (parser.y:110)
==18897==    by 0x4035A5: main (parser.y:218)
==18897== 
==18897== 40 bytes in 1 blocks are still reachable in loss record 17 of 21
==18897==    at 0x4C2AB80: malloc (in /usr/lib/valgrind/vgpreload_memcheck-amd64-linux.so)
==18897==    by 0x405143: new_symbol (table.c:83)
==18897==    by 0x40553D: add_function (table.c:220)
==18897==    by 0x4024E6: yyparse (parser.y:65)
==18897==    by 0x4035A5: main (parser.y:218)
==18897== 
==18897== 40 bytes in 1 blocks are still reachable in loss record 18 of 21
==18897==    at 0x4C2AB80: malloc (in /usr/lib/valgrind/vgpreload_memcheck-amd64-linux.so)
==18897==    by 0x405143: new_symbol (table.c:83)
==18897==    by 0x4055B7: add_scalar (table.c:236)
==18897==    by 0x40270A: yyparse (parser.y:104)
==18897==    by 0x4035A5: main (parser.y:218)
==18897== 
==18897== 40 (24 direct, 16 indirect) bytes in 1 blocks are definitely lost in loss record 19 of 21
==18897==    at 0x4C2AB80: malloc (in /usr/lib/valgrind/vgpreload_memcheck-amd64-linux.so)
==18897==    by 0x401305: new_list (list.c:25)
==18897==    by 0x4026AE: yyparse (parser.y:100)
==18897==    by 0x4035A5: main (parser.y:218)
==18897== 
==18897== 64 bytes in 1 blocks are still reachable in loss record 20 of 21
==18897==    at 0x4C2AB80: malloc (in /usr/lib/valgrind/vgpreload_memcheck-amd64-linux.so)
==18897==    by 0x405036: yyalloc (scanner.c:1978)
==18897==    by 0x4046DC: yy_create_buffer (scanner.c:1510)
==18897==    by 0x4036A4: yylex (scanner.c:761)
==18897==    by 0x40216F: yyparse (parser.c:1478)
==18897==    by 0x4035A5: main (parser.y:218)
==18897== 
==18897== 16,386 bytes in 1 blocks are still reachable in loss record 21 of 21
==18897==    at 0x4C2AB80: malloc (in /usr/lib/valgrind/vgpreload_memcheck-amd64-linux.so)
==18897==    by 0x405036: yyalloc (scanner.c:1978)
==18897==    by 0x404713: yy_create_buffer (scanner.c:1519)
==18897==    by 0x4036A4: yylex (scanner.c:761)
==18897==    by 0x40216F: yyparse (parser.c:1478)
==18897==    by 0x4035A5: main (parser.y:218)
==18897== 
==18897== LEAK SUMMARY:
==18897==    definitely lost: 24 bytes in 1 blocks
==18897==    indirectly lost: 16 bytes in 1 blocks
==18897==      possibly lost: 0 bytes in 0 blocks
==18897==    still reachable: 16,755 bytes in 21 blocks
==18897==         suppressed: 0 bytes in 0 blocks
==18897== 
==18897== For counts of detected and suppressed errors, rerun with: -v
==18897== ERROR SUMMARY: 1 errors from 1 contexts (suppressed: 0 from 0)
