==18842== Memcheck, a memory error detector
==18842== Copyright (C) 2002-2013, and GNU GPL'd, by Julian Seward et al.
==18842== Using Valgrind-3.10.1 and LibVEX; rerun with -h for copyright info
==18842== Command: ./trab3
==18842== 
SEMANTIC ERROR (4): variable 'x' already declared at line 3.
==18842== 
==18842== HEAP SUMMARY:
==18842==     in use at exit: 16,680 bytes in 15 blocks
==18842==   total heap usage: 15 allocs, 0 frees, 16,680 bytes allocated
==18842== 
==18842== 6 bytes in 3 blocks are still reachable in loss record 1 of 13
==18842==    at 0x4C2AB80: malloc (in /usr/lib/valgrind/vgpreload_memcheck-amd64-linux.so)
==18842==    by 0x4EBFB49: strdup (strdup.c:42)
==18842==    by 0x4039ED: yylex (scanner.l:59)
==18842==    by 0x40216F: yyparse (parser.c:1478)
==18842==    by 0x4035A5: main (parser.y:218)
==18842== 
==18842== 8 bytes in 1 blocks are still reachable in loss record 2 of 13
==18842==    at 0x4C2AB80: malloc (in /usr/lib/valgrind/vgpreload_memcheck-amd64-linux.so)
==18842==    by 0x405036: yyalloc (scanner.c:1978)
==18842==    by 0x404B43: yyensure_buffer_stack (scanner.c:1675)
==18842==    by 0x40367A: yylex (scanner.c:759)
==18842==    by 0x40216F: yyparse (parser.c:1478)
==18842==    by 0x4035A5: main (parser.y:218)
==18842== 
==18842== 16 bytes in 1 blocks are still reachable in loss record 3 of 13
==18842==    at 0x4C2AB80: malloc (in /usr/lib/valgrind/vgpreload_memcheck-amd64-linux.so)
==18842==    by 0x405089: new_table (table.c:61)
==18842==    by 0x403599: main (parser.y:216)
==18842== 
==18842== 16 bytes in 1 blocks are still reachable in loss record 4 of 13
==18842==    at 0x4C2AB80: malloc (in /usr/lib/valgrind/vgpreload_memcheck-amd64-linux.so)
==18842==    by 0x401394: new_node (list.c:44)
==18842==    by 0x401400: append (list.c:55)
==18842==    by 0x4055E2: add_scalar (table.c:239)
==18842==    by 0x40262F: yyparse (parser.y:94)
==18842==    by 0x4035A5: main (parser.y:218)
==18842== 
==18842== 16 bytes in 1 blocks are still reachable in loss record 5 of 13
==18842==    at 0x4C2AB80: malloc (in /usr/lib/valgrind/vgpreload_memcheck-amd64-linux.so)
==18842==    by 0x401394: new_node (list.c:44)
==18842==    by 0x401400: append (list.c:55)
==18842==    by 0x4025FA: yyparse (parser.y:90)
==18842==    by 0x4035A5: main (parser.y:218)
==18842== 
==18842== 16 bytes in 1 blocks are still reachable in loss record 6 of 13
==18842==    at 0x4C2AB80: malloc (in /usr/lib/valgrind/vgpreload_memcheck-amd64-linux.so)
==18842==    by 0x401394: new_node (list.c:44)
==18842==    by 0x401400: append (list.c:55)
==18842==    by 0x40556D: add_function (table.c:224)
==18842==    by 0x4024E6: yyparse (parser.y:65)
==18842==    by 0x4035A5: main (parser.y:218)
==18842== 
==18842== 24 bytes in 1 blocks are still reachable in loss record 7 of 13
==18842==    at 0x4C2AB80: malloc (in /usr/lib/valgrind/vgpreload_memcheck-amd64-linux.so)
==18842==    by 0x401305: new_list (list.c:25)
==18842==    by 0x4050C1: new_table (table.c:63)
==18842==    by 0x403599: main (parser.y:216)
==18842== 
==18842== 24 bytes in 1 blocks are still reachable in loss record 8 of 13
==18842==    at 0x4C2AB80: malloc (in /usr/lib/valgrind/vgpreload_memcheck-amd64-linux.so)
==18842==    by 0x401305: new_list (list.c:25)
==18842==    by 0x4050CD: new_table (table.c:64)
==18842==    by 0x403599: main (parser.y:216)
==18842== 
==18842== 24 bytes in 1 blocks are still reachable in loss record 9 of 13
==18842==    at 0x4C2AB80: malloc (in /usr/lib/valgrind/vgpreload_memcheck-amd64-linux.so)
==18842==    by 0x401305: new_list (list.c:25)
==18842==    by 0x4025D7: yyparse (parser.y:90)
==18842==    by 0x4035A5: main (parser.y:218)
==18842== 
==18842== 40 bytes in 1 blocks are still reachable in loss record 10 of 13
==18842==    at 0x4C2AB80: malloc (in /usr/lib/valgrind/vgpreload_memcheck-amd64-linux.so)
==18842==    by 0x405143: new_symbol (table.c:83)
==18842==    by 0x4055B7: add_scalar (table.c:236)
==18842==    by 0x40262F: yyparse (parser.y:94)
==18842==    by 0x4035A5: main (parser.y:218)
==18842== 
==18842== 40 bytes in 1 blocks are still reachable in loss record 11 of 13
==18842==    at 0x4C2AB80: malloc (in /usr/lib/valgrind/vgpreload_memcheck-amd64-linux.so)
==18842==    by 0x405143: new_symbol (table.c:83)
==18842==    by 0x40553D: add_function (table.c:220)
==18842==    by 0x4024E6: yyparse (parser.y:65)
==18842==    by 0x4035A5: main (parser.y:218)
==18842== 
==18842== 64 bytes in 1 blocks are still reachable in loss record 12 of 13
==18842==    at 0x4C2AB80: malloc (in /usr/lib/valgrind/vgpreload_memcheck-amd64-linux.so)
==18842==    by 0x405036: yyalloc (scanner.c:1978)
==18842==    by 0x4046DC: yy_create_buffer (scanner.c:1510)
==18842==    by 0x4036A4: yylex (scanner.c:761)
==18842==    by 0x40216F: yyparse (parser.c:1478)
==18842==    by 0x4035A5: main (parser.y:218)
==18842== 
==18842== 16,386 bytes in 1 blocks are still reachable in loss record 13 of 13
==18842==    at 0x4C2AB80: malloc (in /usr/lib/valgrind/vgpreload_memcheck-amd64-linux.so)
==18842==    by 0x405036: yyalloc (scanner.c:1978)
==18842==    by 0x404713: yy_create_buffer (scanner.c:1519)
==18842==    by 0x4036A4: yylex (scanner.c:761)
==18842==    by 0x40216F: yyparse (parser.c:1478)
==18842==    by 0x4035A5: main (parser.y:218)
==18842== 
==18842== LEAK SUMMARY:
==18842==    definitely lost: 0 bytes in 0 blocks
==18842==    indirectly lost: 0 bytes in 0 blocks
==18842==      possibly lost: 0 bytes in 0 blocks
==18842==    still reachable: 16,680 bytes in 15 blocks
==18842==         suppressed: 0 bytes in 0 blocks
==18842== 
==18842== For counts of detected and suppressed errors, rerun with: -v
==18842== ERROR SUMMARY: 0 errors from 0 contexts (suppressed: 0 from 0)
