==18830== Memcheck, a memory error detector
==18830== Copyright (C) 2002-2013, and GNU GPL'd, by Julian Seward et al.
==18830== Using Valgrind-3.10.1 and LibVEX; rerun with -h for copyright info
==18830== Command: ./trab3
==18830== 
SEMANTIC ERROR (6): variable 'x' already declared at line 4.
==18830== 
==18830== HEAP SUMMARY:
==18830==     in use at exit: 16,757 bytes in 19 blocks
==18830==   total heap usage: 19 allocs, 0 frees, 16,757 bytes allocated
==18830== 
==18830== 8 bytes in 1 blocks are still reachable in loss record 1 of 14
==18830==    at 0x4C2AB80: malloc (in /usr/lib/valgrind/vgpreload_memcheck-amd64-linux.so)
==18830==    by 0x405036: yyalloc (scanner.c:1978)
==18830==    by 0x404B43: yyensure_buffer_stack (scanner.c:1675)
==18830==    by 0x40367A: yylex (scanner.c:759)
==18830==    by 0x40216F: yyparse (parser.c:1478)
==18830==    by 0x4035A5: main (parser.y:218)
==18830== 
==18830== 11 bytes in 4 blocks are still reachable in loss record 2 of 14
==18830==    at 0x4C2AB80: malloc (in /usr/lib/valgrind/vgpreload_memcheck-amd64-linux.so)
==18830==    by 0x4EBFB49: strdup (strdup.c:42)
==18830==    by 0x4039ED: yylex (scanner.l:59)
==18830==    by 0x40216F: yyparse (parser.c:1478)
==18830==    by 0x4035A5: main (parser.y:218)
==18830== 
==18830== 16 bytes in 1 blocks are still reachable in loss record 3 of 14
==18830==    at 0x4C2AB80: malloc (in /usr/lib/valgrind/vgpreload_memcheck-amd64-linux.so)
==18830==    by 0x405089: new_table (table.c:61)
==18830==    by 0x403599: main (parser.y:216)
==18830== 
==18830== 16 bytes in 1 blocks are still reachable in loss record 4 of 14
==18830==    at 0x4C2AB80: malloc (in /usr/lib/valgrind/vgpreload_memcheck-amd64-linux.so)
==18830==    by 0x401394: new_node (list.c:44)
==18830==    by 0x401400: append (list.c:55)
==18830==    by 0x40556D: add_function (table.c:224)
==18830==    by 0x4024E6: yyparse (parser.y:65)
==18830==    by 0x4035A5: main (parser.y:218)
==18830== 
==18830== 16 bytes in 1 blocks are still reachable in loss record 5 of 14
==18830==    at 0x4C2AB80: malloc (in /usr/lib/valgrind/vgpreload_memcheck-amd64-linux.so)
==18830==    by 0x401394: new_node (list.c:44)
==18830==    by 0x401400: append (list.c:55)
==18830==    by 0x4026D1: yyparse (parser.y:100)
==18830==    by 0x4035A5: main (parser.y:218)
==18830== 
==18830== 16 bytes in 1 blocks are still reachable in loss record 6 of 14
==18830==    at 0x4C2AB80: malloc (in /usr/lib/valgrind/vgpreload_memcheck-amd64-linux.so)
==18830==    by 0x401394: new_node (list.c:44)
==18830==    by 0x401400: append (list.c:55)
==18830==    by 0x402692: yyparse (parser.y:99)
==18830==    by 0x4035A5: main (parser.y:218)
==18830== 
==18830== 24 bytes in 1 blocks are still reachable in loss record 7 of 14
==18830==    at 0x4C2AB80: malloc (in /usr/lib/valgrind/vgpreload_memcheck-amd64-linux.so)
==18830==    by 0x401305: new_list (list.c:25)
==18830==    by 0x4050C1: new_table (table.c:63)
==18830==    by 0x403599: main (parser.y:216)
==18830== 
==18830== 24 bytes in 1 blocks are still reachable in loss record 8 of 14
==18830==    at 0x4C2AB80: malloc (in /usr/lib/valgrind/vgpreload_memcheck-amd64-linux.so)
==18830==    by 0x401305: new_list (list.c:25)
==18830==    by 0x4050CD: new_table (table.c:64)
==18830==    by 0x403599: main (parser.y:216)
==18830== 
==18830== 24 bytes in 1 blocks are still reachable in loss record 9 of 14
==18830==    at 0x4C2AB80: malloc (in /usr/lib/valgrind/vgpreload_memcheck-amd64-linux.so)
==18830==    by 0x401305: new_list (list.c:25)
==18830==    by 0x4026AE: yyparse (parser.y:100)
==18830==    by 0x4035A5: main (parser.y:218)
==18830== 
==18830== 32 bytes in 2 blocks are still reachable in loss record 10 of 14
==18830==    at 0x4C2AB80: malloc (in /usr/lib/valgrind/vgpreload_memcheck-amd64-linux.so)
==18830==    by 0x401394: new_node (list.c:44)
==18830==    by 0x401400: append (list.c:55)
==18830==    by 0x4055E2: add_scalar (table.c:239)
==18830==    by 0x40270A: yyparse (parser.y:104)
==18830==    by 0x4035A5: main (parser.y:218)
==18830== 
==18830== 40 bytes in 1 blocks are still reachable in loss record 11 of 14
==18830==    at 0x4C2AB80: malloc (in /usr/lib/valgrind/vgpreload_memcheck-amd64-linux.so)
==18830==    by 0x405143: new_symbol (table.c:83)
==18830==    by 0x40553D: add_function (table.c:220)
==18830==    by 0x4024E6: yyparse (parser.y:65)
==18830==    by 0x4035A5: main (parser.y:218)
==18830== 
==18830== 64 bytes in 1 blocks are still reachable in loss record 12 of 14
==18830==    at 0x4C2AB80: malloc (in /usr/lib/valgrind/vgpreload_memcheck-amd64-linux.so)
==18830==    by 0x405036: yyalloc (scanner.c:1978)
==18830==    by 0x4046DC: yy_create_buffer (scanner.c:1510)
==18830==    by 0x4036A4: yylex (scanner.c:761)
==18830==    by 0x40216F: yyparse (parser.c:1478)
==18830==    by 0x4035A5: main (parser.y:218)
==18830== 
==18830== 80 bytes in 2 blocks are still reachable in loss record 13 of 14
==18830==    at 0x4C2AB80: malloc (in /usr/lib/valgrind/vgpreload_memcheck-amd64-linux.so)
==18830==    by 0x405143: new_symbol (table.c:83)
==18830==    by 0x4055B7: add_scalar (table.c:236)
==18830==    by 0x40270A: yyparse (parser.y:104)
==18830==    by 0x4035A5: main (parser.y:218)
==18830== 
==18830== 16,386 bytes in 1 blocks are still reachable in loss record 14 of 14
==18830==    at 0x4C2AB80: malloc (in /usr/lib/valgrind/vgpreload_memcheck-amd64-linux.so)
==18830==    by 0x405036: yyalloc (scanner.c:1978)
==18830==    by 0x404713: yy_create_buffer (scanner.c:1519)
==18830==    by 0x4036A4: yylex (scanner.c:761)
==18830==    by 0x40216F: yyparse (parser.c:1478)
==18830==    by 0x4035A5: main (parser.y:218)
==18830== 
==18830== LEAK SUMMARY:
==18830==    definitely lost: 0 bytes in 0 blocks
==18830==    indirectly lost: 0 bytes in 0 blocks
==18830==      possibly lost: 0 bytes in 0 blocks
==18830==    still reachable: 16,757 bytes in 19 blocks
==18830==         suppressed: 0 bytes in 0 blocks
==18830== 
==18830== For counts of detected and suppressed errors, rerun with: -v
==18830== ERROR SUMMARY: 0 errors from 0 contexts (suppressed: 0 from 0)
